<?xml version="1.0" encoding="UTF-8"?>
<testsuite xmlns:xsi="http://www.w3.org/2001/XMLSchema-instance" xsi:noNamespaceSchemaLocation="https://maven.apache.org/surefire/maven-surefire-plugin/xsd/surefire-test-report.xsd" version="3.0.2" name="org.account.ExampleResourceTest" time="1.801" tests="1" errors="1" skipped="0" failures="0">
  <properties>
    <property name="java.specification.version" value="17"/>
    <property name="sun.cpu.isalist" value="amd64"/>
    <property name="sun.jnu.encoding" value="Cp1252"/>
    <property name="java.class.path" value="D:\Ung-ProJect\social-microservice\account-server\target\test-classes;D:\Ung-ProJect\social-microservice\account-server\target\classes;C:\Users\ung-Z13\.m2\repository\org\bouncycastle\bcpkix-jdk18on\1.76\bcpkix-jdk18on-1.76.jar;C:\Users\ung-Z13\.m2\repository\org\bouncycastle\bcutil-jdk18on\1.78.1\bcutil-jdk18on-1.78.1.jar;C:\Users\ung-Z13\.m2\repository\com\fasterxml\jackson\datatype\jackson-datatype-eclipse-collections\2.15.1\jackson-datatype-eclipse-collections-2.15.1.jar;C:\Users\ung-Z13\.m2\repository\org\eclipse\collections\eclipse-collections\11.0.0\eclipse-collections-11.0.0.jar;C:\Users\ung-Z13\.m2\repository\org\eclipse\collections\eclipse-collections-api\11.0.0\eclipse-collections-api-11.0.0.jar;C:\Users\ung-Z13\.m2\repository\com\fasterxml\jackson\core\jackson-core\2.17.2\jackson-core-2.17.2.jar;C:\Users\ung-Z13\.m2\repository\com\fasterxml\jackson\core\jackson-databind\2.17.2\jackson-databind-2.17.2.jar;C:\Users\ung-Z13\.m2\repository\io\quarkus\quarkus-arc\3.15.1\quarkus-arc-3.15.1.jar;C:\Users\ung-Z13\.m2\repository\io\quarkus\arc\arc\3.15.1\arc-3.15.1.jar;C:\Users\ung-Z13\.m2\repository\jakarta\enterprise\jakarta.enterprise.cdi-api\4.1.0\jakarta.enterprise.cdi-api-4.1.0.jar;C:\Users\ung-Z13\.m2\repository\jakarta\annotation\jakarta.annotation-api\3.0.0\jakarta.annotation-api-3.0.0.jar;C:\Users\ung-Z13\.m2\repository\io\smallrye\reactive\mutiny\2.6.2\mutiny-2.6.2.jar;C:\Users\ung-Z13\.m2\repository\io\smallrye\common\smallrye-common-annotation\2.6.0\smallrye-common-annotation-2.6.0.jar;C:\Users\ung-Z13\.m2\repository\org\jctools\jctools-core\4.0.5\jctools-core-4.0.5.jar;C:\Users\ung-Z13\.m2\repository\io\quarkus\quarkus-core\3.15.1\quarkus-core-3.15.1.jar;C:\Users\ung-Z13\.m2\repository\io\smallrye\common\smallrye-common-os\2.6.0\smallrye-common-os-2.6.0.jar;C:\Users\ung-Z13\.m2\repository\io\quarkus\quarkus-ide-launcher\3.15.1\quarkus-ide-launcher-3.15.1.jar;C:\Users\ung-Z13\.m2\repository\io\quarkus\quarkus-development-mode-spi\3.15.1\quarkus-development-mode-spi-3.15.1.jar;C:\Users\ung-Z13\.m2\repository\io\smallrye\config\smallrye-config\3.9.1\smallrye-config-3.9.1.jar;C:\Users\ung-Z13\.m2\repository\io\smallrye\config\smallrye-config-core\3.9.1\smallrye-config-core-3.9.1.jar;C:\Users\ung-Z13\.m2\repository\org\eclipse\microprofile\config\microprofile-config-api\3.1\microprofile-config-api-3.1.jar;C:\Users\ung-Z13\.m2\repository\io\smallrye\common\smallrye-common-classloader\2.6.0\smallrye-common-classloader-2.6.0.jar;C:\Users\ung-Z13\.m2\repository\io\smallrye\config\smallrye-config-common\3.9.1\smallrye-config-common-3.9.1.jar;C:\Users\ung-Z13\.m2\repository\org\jboss\logmanager\jboss-logmanager\3.0.6.Final\jboss-logmanager-3.0.6.Final.jar;C:\Users\ung-Z13\.m2\repository\io\smallrye\common\smallrye-common-constraint\2.6.0\smallrye-common-constraint-2.6.0.jar;C:\Users\ung-Z13\.m2\repository\io\smallrye\common\smallrye-common-cpu\2.6.0\smallrye-common-cpu-2.6.0.jar;C:\Users\ung-Z13\.m2\repository\io\smallrye\common\smallrye-common-expression\2.6.0\smallrye-common-expression-2.6.0.jar;C:\Users\ung-Z13\.m2\repository\io\smallrye\common\smallrye-common-function\2.6.0\smallrye-common-function-2.6.0.jar;C:\Users\ung-Z13\.m2\repository\io\smallrye\common\smallrye-common-net\2.6.0\smallrye-common-net-2.6.0.jar;C:\Users\ung-Z13\.m2\repository\io\smallrye\common\smallrye-common-ref\2.6.0\smallrye-common-ref-2.6.0.jar;C:\Users\ung-Z13\.m2\repository\org\jboss\logging\jboss-logging-annotations\3.0.1.Final\jboss-logging-annotations-3.0.1.Final.jar;C:\Users\ung-Z13\.m2\repository\org\jboss\threads\jboss-threads\3.6.1.Final\jboss-threads-3.6.1.Final.jar;C:\Users\ung-Z13\.m2\repository\org\slf4j\slf4j-api\2.0.6\slf4j-api-2.0.6.jar;C:\Users\ung-Z13\.m2\repository\org\jboss\slf4j\slf4j-jboss-logmanager\2.0.0.Final\slf4j-jboss-logmanager-2.0.0.Final.jar;C:\Users\ung-Z13\.m2\repository\io\quarkus\quarkus-bootstrap-runner\3.15.1\quarkus-bootstrap-runner-3.15.1.jar;C:\Users\ung-Z13\.m2\repository\io\quarkus\quarkus-fs-util\0.0.10\quarkus-fs-util-0.0.10.jar;C:\Users\ung-Z13\.m2\repository\org\eclipse\microprofile\context-propagation\microprofile-context-propagation-api\1.3\microprofile-context-propagation-api-1.3.jar;C:\Users\ung-Z13\.m2\repository\io\quarkus\quarkus-rest\3.15.1\quarkus-rest-3.15.1.jar;C:\Users\ung-Z13\.m2\repository\io\quarkus\quarkus-rest-common\3.15.1\quarkus-rest-common-3.15.1.jar;C:\Users\ung-Z13\.m2\repository\io\quarkus\resteasy\reactive\resteasy-reactive-common\3.15.1\resteasy-reactive-common-3.15.1.jar;C:\Users\ung-Z13\.m2\repository\io\quarkus\resteasy\reactive\resteasy-reactive-common-types\3.15.1\resteasy-reactive-common-types-3.15.1.jar;C:\Users\ung-Z13\.m2\repository\org\reactivestreams\reactive-streams\1.0.4\reactive-streams-1.0.4.jar;C:\Users\ung-Z13\.m2\repository\io\smallrye\reactive\mutiny-zero-flow-adapters\1.1.0\mutiny-zero-flow-adapters-1.1.0.jar;C:\Users\ung-Z13\.m2\repository\io\quarkus\quarkus-mutiny\3.15.1\quarkus-mutiny-3.15.1.jar;C:\Users\ung-Z13\.m2\repository\io\quarkus\quarkus-smallrye-context-propagation\3.15.1\quarkus-smallrye-context-propagation-3.15.1.jar;C:\Users\ung-Z13\.m2\repository\io\smallrye\smallrye-context-propagation\2.1.2\smallrye-context-propagation-2.1.2.jar;C:\Users\ung-Z13\.m2\repository\io\smallrye\smallrye-context-propagation-api\2.1.2\smallrye-context-propagation-api-2.1.2.jar;C:\Users\ung-Z13\.m2\repository\io\smallrye\smallrye-context-propagation-storage\2.1.2\smallrye-context-propagation-storage-2.1.2.jar;C:\Users\ung-Z13\.m2\repository\io\smallrye\reactive\mutiny-smallrye-context-propagation\2.6.2\mutiny-smallrye-context-propagation-2.6.2.jar;C:\Users\ung-Z13\.m2\repository\io\quarkus\quarkus-vertx\3.15.1\quarkus-vertx-3.15.1.jar;C:\Users\ung-Z13\.m2\repository\io\quarkus\quarkus-netty\3.15.1\quarkus-netty-3.15.1.jar;C:\Users\ung-Z13\.m2\repository\io\netty\netty-codec\4.1.111.Final\netty-codec-4.1.111.Final.jar;C:\Users\ung-Z13\.m2\repository\com\aayushatharva\brotli4j\brotli4j\1.16.0\brotli4j-1.16.0.jar;C:\Users\ung-Z13\.m2\repository\com\aayushatharva\brotli4j\service\1.16.0\service-1.16.0.jar;C:\Users\ung-Z13\.m2\repository\com\aayushatharva\brotli4j\native-windows-x86_64\1.16.0\native-windows-x86_64-1.16.0.jar;C:\Users\ung-Z13\.m2\repository\io\netty\netty-codec-haproxy\4.1.111.Final\netty-codec-haproxy-4.1.111.Final.jar;C:\Users\ung-Z13\.m2\repository\io\quarkus\quarkus-vertx-latebound-mdc-provider\3.15.1\quarkus-vertx-latebound-mdc-provider-3.15.1.jar;C:\Users\ung-Z13\.m2\repository\io\smallrye\smallrye-fault-tolerance-vertx\6.4.0\smallrye-fault-tolerance-vertx-6.4.0.jar;C:\Users\ung-Z13\.m2\repository\io\quarkus\resteasy\reactive\resteasy-reactive-vertx\3.15.1\resteasy-reactive-vertx-3.15.1.jar;C:\Users\ung-Z13\.m2\repository\io\vertx\vertx-web\4.5.10\vertx-web-4.5.10.jar;C:\Users\ung-Z13\.m2\repository\io\vertx\vertx-web-common\4.5.10\vertx-web-common-4.5.10.jar;C:\Users\ung-Z13\.m2\repository\io\vertx\vertx-auth-common\4.5.10\vertx-auth-common-4.5.10.jar;C:\Users\ung-Z13\.m2\repository\io\vertx\vertx-bridge-common\4.5.10\vertx-bridge-common-4.5.10.jar;C:\Users\ung-Z13\.m2\repository\io\smallrye\reactive\smallrye-mutiny-vertx-core\3.15.0\smallrye-mutiny-vertx-core-3.15.0.jar;C:\Users\ung-Z13\.m2\repository\io\smallrye\reactive\smallrye-mutiny-vertx-runtime\3.15.0\smallrye-mutiny-vertx-runtime-3.15.0.jar;C:\Users\ung-Z13\.m2\repository\io\smallrye\reactive\vertx-mutiny-generator\3.15.0\vertx-mutiny-generator-3.15.0.jar;C:\Users\ung-Z13\.m2\repository\io\vertx\vertx-codegen\4.5.10\vertx-codegen-4.5.10.jar;C:\Users\ung-Z13\.m2\repository\io\quarkus\resteasy\reactive\resteasy-reactive\3.15.1\resteasy-reactive-3.15.1.jar;C:\Users\ung-Z13\.m2\repository\io\quarkus\vertx\utils\quarkus-vertx-utils\3.15.1\quarkus-vertx-utils-3.15.1.jar;C:\Users\ung-Z13\.m2\repository\jakarta\ws\rs\jakarta.ws.rs-api\3.1.0\jakarta.ws.rs-api-3.1.0.jar;C:\Users\ung-Z13\.m2\repository\org\jboss\logging\commons-logging-jboss-logging\1.0.0.Final\commons-logging-jboss-logging-1.0.0.Final.jar;C:\Users\ung-Z13\.m2\repository\io\quarkus\quarkus-vertx-http\3.15.1\quarkus-vertx-http-3.15.1.jar;C:\Users\ung-Z13\.m2\repository\io\quarkus\quarkus-security-runtime-spi\3.15.1\quarkus-security-runtime-spi-3.15.1.jar;C:\Users\ung-Z13\.m2\repository\io\quarkus\quarkus-tls-registry\3.15.1\quarkus-tls-registry-3.15.1.jar;C:\Users\ung-Z13\.m2\repository\io\quarkus\quarkus-credentials\3.15.1\quarkus-credentials-3.15.1.jar;C:\Users\ung-Z13\.m2\repository\io\smallrye\common\smallrye-common-vertx-context\2.6.0\smallrye-common-vertx-context-2.6.0.jar;C:\Users\ung-Z13\.m2\repository\io\quarkus\security\quarkus-security\2.1.0\quarkus-security-2.1.0.jar;C:\Users\ung-Z13\.m2\repository\io\smallrye\reactive\smallrye-mutiny-vertx-web\3.15.0\smallrye-mutiny-vertx-web-3.15.0.jar;C:\Users\ung-Z13\.m2\repository\io\smallrye\reactive\smallrye-mutiny-vertx-web-common\3.15.0\smallrye-mutiny-vertx-web-common-3.15.0.jar;C:\Users\ung-Z13\.m2\repository\io\smallrye\reactive\smallrye-mutiny-vertx-auth-common\3.15.0\smallrye-mutiny-vertx-auth-common-3.15.0.jar;C:\Users\ung-Z13\.m2\repository\io\smallrye\reactive\smallrye-mutiny-vertx-bridge-common\3.15.0\smallrye-mutiny-vertx-bridge-common-3.15.0.jar;C:\Users\ung-Z13\.m2\repository\io\smallrye\reactive\smallrye-mutiny-vertx-uri-template\3.15.0\smallrye-mutiny-vertx-uri-template-3.15.0.jar;C:\Users\ung-Z13\.m2\repository\io\vertx\vertx-uri-template\4.5.10\vertx-uri-template-4.5.10.jar;C:\Users\ung-Z13\.m2\repository\io\github\crac\org-crac\0.1.3\org-crac-0.1.3.jar;C:\Users\ung-Z13\.m2\repository\io\quarkus\quarkus-jsonp\3.15.1\quarkus-jsonp-3.15.1.jar;C:\Users\ung-Z13\.m2\repository\org\eclipse\parsson\parsson\1.1.7\parsson-1.1.7.jar;C:\Users\ung-Z13\.m2\repository\io\quarkus\quarkus-virtual-threads\3.15.1\quarkus-virtual-threads-3.15.1.jar;C:\Users\ung-Z13\.m2\repository\io\vertx\vertx-core\4.5.10\vertx-core-4.5.10.jar;C:\Users\ung-Z13\.m2\repository\io\netty\netty-common\4.1.111.Final\netty-common-4.1.111.Final.jar;C:\Users\ung-Z13\.m2\repository\io\netty\netty-buffer\4.1.111.Final\netty-buffer-4.1.111.Final.jar;C:\Users\ung-Z13\.m2\repository\io\netty\netty-transport\4.1.111.Final\netty-transport-4.1.111.Final.jar;C:\Users\ung-Z13\.m2\repository\io\netty\netty-handler\4.1.111.Final\netty-handler-4.1.111.Final.jar;C:\Users\ung-Z13\.m2\repository\io\netty\netty-transport-native-unix-common\4.1.111.Final\netty-transport-native-unix-common-4.1.111.Final.jar;C:\Users\ung-Z13\.m2\repository\io\netty\netty-handler-proxy\4.1.111.Final\netty-handler-proxy-4.1.111.Final.jar;C:\Users\ung-Z13\.m2\repository\io\netty\netty-codec-socks\4.1.111.Final\netty-codec-socks-4.1.111.Final.jar;C:\Users\ung-Z13\.m2\repository\io\netty\netty-codec-http\4.1.111.Final\netty-codec-http-4.1.111.Final.jar;C:\Users\ung-Z13\.m2\repository\io\netty\netty-codec-http2\4.1.111.Final\netty-codec-http2-4.1.111.Final.jar;C:\Users\ung-Z13\.m2\repository\io\netty\netty-resolver\4.1.111.Final\netty-resolver-4.1.111.Final.jar;C:\Users\ung-Z13\.m2\repository\io\netty\netty-resolver-dns\4.1.111.Final\netty-resolver-dns-4.1.111.Final.jar;C:\Users\ung-Z13\.m2\repository\io\netty\netty-codec-dns\4.1.111.Final\netty-codec-dns-4.1.111.Final.jar;C:\Users\ung-Z13\.m2\repository\io\quarkus\quarkus-junit5\3.15.1\quarkus-junit5-3.15.1.jar;C:\Users\ung-Z13\.m2\repository\io\quarkus\quarkus-bootstrap-core\3.15.1\quarkus-bootstrap-core-3.15.1.jar;C:\Users\ung-Z13\.m2\repository\io\quarkus\quarkus-classloader-commons\3.15.1\quarkus-classloader-commons-3.15.1.jar;C:\Users\ung-Z13\.m2\repository\io\quarkus\quarkus-bootstrap-app-model\3.15.1\quarkus-bootstrap-app-model-3.15.1.jar;C:\Users\ung-Z13\.m2\repository\io\smallrye\common\smallrye-common-io\2.6.0\smallrye-common-io-2.6.0.jar;C:\Users\ung-Z13\.m2\repository\org\eclipse\sisu\org.eclipse.sisu.inject\0.9.0.M3\org.eclipse.sisu.inject-0.9.0.M3.jar;C:\Users\ung-Z13\.m2\repository\io\quarkus\quarkus-test-common\3.15.1\quarkus-test-common-3.15.1.jar;C:\Users\ung-Z13\.m2\repository\io\quarkus\quarkus-core-deployment\3.15.1\quarkus-core-deployment-3.15.1.jar;C:\Users\ung-Z13\.m2\repository\org\aesh\readline\2.6\readline-2.6.jar;C:\Users\ung-Z13\.m2\repository\org\fusesource\jansi\jansi\2.4.0\jansi-2.4.0.jar;C:\Users\ung-Z13\.m2\repository\org\aesh\aesh\2.8.2\aesh-2.8.2.jar;C:\Users\ung-Z13\.m2\repository\io\quarkus\gizmo\gizmo\1.8.0\gizmo-1.8.0.jar;C:\Users\ung-Z13\.m2\repository\org\ow2\asm\asm-util\9.7\asm-util-9.7.jar;C:\Users\ung-Z13\.m2\repository\org\ow2\asm\asm-analysis\9.7\asm-analysis-9.7.jar;C:\Users\ung-Z13\.m2\repository\org\ow2\asm\asm\9.7\asm-9.7.jar;C:\Users\ung-Z13\.m2\repository\org\ow2\asm\asm-commons\9.7\asm-commons-9.7.jar;C:\Users\ung-Z13\.m2\repository\org\ow2\asm\asm-tree\9.7\asm-tree-9.7.jar;C:\Users\ung-Z13\.m2\repository\io\quarkus\quarkus-hibernate-validator-spi\3.15.1\quarkus-hibernate-validator-spi-3.15.1.jar;C:\Users\ung-Z13\.m2\repository\io\quarkus\quarkus-class-change-agent\3.15.1\quarkus-class-change-agent-3.15.1.jar;C:\Users\ung-Z13\.m2\repository\io\quarkus\quarkus-devtools-utilities\3.15.1\quarkus-devtools-utilities-3.15.1.jar;C:\Users\ung-Z13\.m2\repository\io\quarkus\quarkus-builder\3.15.1\quarkus-builder-3.15.1.jar;C:\Users\ung-Z13\.m2\repository\org\graalvm\sdk\nativeimage\23.1.2\nativeimage-23.1.2.jar;C:\Users\ung-Z13\.m2\repository\org\graalvm\sdk\word\23.1.2\word-23.1.2.jar;C:\Users\ung-Z13\.m2\repository\org\junit\platform\junit-platform-launcher\1.10.3\junit-platform-launcher-1.10.3.jar;C:\Users\ung-Z13\.m2\repository\io\quarkus\quarkus-bootstrap-maven-resolver\3.15.1\quarkus-bootstrap-maven-resolver-3.15.1.jar;C:\Users\ung-Z13\.m2\repository\io\smallrye\beanbag\smallrye-beanbag-maven\1.5.2\smallrye-beanbag-maven-1.5.2.jar;C:\Users\ung-Z13\.m2\repository\io\smallrye\beanbag\smallrye-beanbag-sisu\1.5.2\smallrye-beanbag-sisu-1.5.2.jar;C:\Users\ung-Z13\.m2\repository\io\smallrye\beanbag\smallrye-beanbag\1.5.2\smallrye-beanbag-1.5.2.jar;C:\Users\ung-Z13\.m2\repository\javax\inject\javax.inject\1\javax.inject-1.jar;C:\Users\ung-Z13\.m2\repository\org\apache\maven\maven-artifact\3.9.8\maven-artifact-3.9.8.jar;C:\Users\ung-Z13\.m2\repository\org\apache\maven\maven-builder-support\3.9.8\maven-builder-support-3.9.8.jar;C:\Users\ung-Z13\.m2\repository\org\apache\maven\maven-model\3.9.8\maven-model-3.9.8.jar;C:\Users\ung-Z13\.m2\repository\org\apache\maven\maven-model-builder\3.9.8\maven-model-builder-3.9.8.jar;C:\Users\ung-Z13\.m2\repository\org\apache\maven\maven-repository-metadata\3.9.8\maven-repository-metadata-3.9.8.jar;C:\Users\ung-Z13\.m2\repository\org\apache\maven\maven-settings\3.9.8\maven-settings-3.9.8.jar;C:\Users\ung-Z13\.m2\repository\org\apache\maven\resolver\maven-resolver-api\1.9.22\maven-resolver-api-1.9.22.jar;C:\Users\ung-Z13\.m2\repository\org\apache\maven\resolver\maven-resolver-impl\1.9.22\maven-resolver-impl-1.9.22.jar;C:\Users\ung-Z13\.m2\repository\org\apache\maven\resolver\maven-resolver-named-locks\1.9.22\maven-resolver-named-locks-1.9.22.jar;C:\Users\ung-Z13\.m2\repository\org\apache\maven\resolver\maven-resolver-spi\1.9.22\maven-resolver-spi-1.9.22.jar;C:\Users\ung-Z13\.m2\repository\org\apache\maven\resolver\maven-resolver-util\1.9.22\maven-resolver-util-1.9.22.jar;C:\Users\ung-Z13\.m2\repository\org\apache\maven\resolver\maven-resolver-transport-http\1.9.20\maven-resolver-transport-http-1.9.20.jar;C:\Users\ung-Z13\.m2\repository\org\apache\maven\wagon\wagon-provider-api\3.5.3\wagon-provider-api-3.5.3.jar;C:\Users\ung-Z13\.m2\repository\org\apache\maven\wagon\wagon-http-shared\3.5.3\wagon-http-shared-3.5.3.jar;C:\Users\ung-Z13\.m2\repository\org\codehaus\plexus\plexus-interpolation\1.26\plexus-interpolation-1.26.jar;C:\Users\ung-Z13\.m2\repository\org\codehaus\plexus\plexus-utils\3.5.1\plexus-utils-3.5.1.jar;C:\Users\ung-Z13\.m2\repository\org\codehaus\plexus\plexus-xml\4.0.1\plexus-xml-4.0.1.jar;C:\Users\ung-Z13\.m2\repository\org\apache\maven\maven-xml-impl\4.0.0-alpha-5\maven-xml-impl-4.0.0-alpha-5.jar;C:\Users\ung-Z13\.m2\repository\org\apache\maven\maven-api-xml\4.0.0-alpha-5\maven-api-xml-4.0.0-alpha-5.jar;C:\Users\ung-Z13\.m2\repository\org\apache\maven\maven-api-meta\4.0.0-alpha-5\maven-api-meta-4.0.0-alpha-5.jar;C:\Users\ung-Z13\.m2\repository\org\codehaus\plexus\plexus-cipher\2.0\plexus-cipher-2.0.jar;C:\Users\ung-Z13\.m2\repository\org\codehaus\plexus\plexus-sec-dispatcher\2.0\plexus-sec-dispatcher-2.0.jar;C:\Users\ung-Z13\.m2\repository\org\apache\maven\maven-embedder\3.9.8\maven-embedder-3.9.8.jar;C:\Users\ung-Z13\.m2\repository\org\apache\maven\maven-core\3.9.8\maven-core-3.9.8.jar;C:\Users\ung-Z13\.m2\repository\org\codehaus\plexus\plexus-component-annotations\2.1.0\plexus-component-annotations-2.1.0.jar;C:\Users\ung-Z13\.m2\repository\org\apache\maven\maven-plugin-api\3.9.8\maven-plugin-api-3.9.8.jar;C:\Users\ung-Z13\.m2\repository\org\apache\maven\shared\maven-shared-utils\3.4.2\maven-shared-utils-3.4.2.jar;C:\Users\ung-Z13\.m2\repository\com\google\inject\guice\5.1.0\guice-5.1.0.jar;C:\Users\ung-Z13\.m2\repository\aopalliance\aopalliance\1.0\aopalliance-1.0.jar;C:\Users\ung-Z13\.m2\repository\com\google\guava\guava\33.2.1-jre\guava-33.2.1-jre.jar;C:\Users\ung-Z13\.m2\repository\com\google\guava\failureaccess\1.0.1\failureaccess-1.0.1.jar;C:\Users\ung-Z13\.m2\repository\javax\annotation\javax.annotation-api\1.3.2\javax.annotation-api-1.3.2.jar;C:\Users\ung-Z13\.m2\repository\org\codehaus\plexus\plexus-classworlds\2.6.0\plexus-classworlds-2.6.0.jar;C:\Users\ung-Z13\.m2\repository\commons-cli\commons-cli\1.8.0\commons-cli-1.8.0.jar;C:\Users\ung-Z13\.m2\repository\org\eclipse\sisu\org.eclipse.sisu.plexus\0.9.0.M3\org.eclipse.sisu.plexus-0.9.0.M3.jar;C:\Users\ung-Z13\.m2\repository\org\apache\maven\maven-settings-builder\3.9.8\maven-settings-builder-3.9.8.jar;C:\Users\ung-Z13\.m2\repository\org\apache\maven\maven-resolver-provider\3.9.8\maven-resolver-provider-3.9.8.jar;C:\Users\ung-Z13\.m2\repository\org\apache\maven\resolver\maven-resolver-connector-basic\1.9.22\maven-resolver-connector-basic-1.9.22.jar;C:\Users\ung-Z13\.m2\repository\org\apache\maven\resolver\maven-resolver-transport-wagon\1.9.22\maven-resolver-transport-wagon-1.9.22.jar;C:\Users\ung-Z13\.m2\repository\org\apache\maven\wagon\wagon-http\3.5.3\wagon-http-3.5.3.jar;C:\Users\ung-Z13\.m2\repository\org\apache\maven\wagon\wagon-file\3.5.3\wagon-file-3.5.3.jar;C:\Users\ung-Z13\.m2\repository\io\quarkus\quarkus-bootstrap-gradle-resolver\3.15.1\quarkus-bootstrap-gradle-resolver-3.15.1.jar;C:\Users\ung-Z13\.m2\repository\io\smallrye\jandex\3.2.2\jandex-3.2.2.jar;C:\Users\ung-Z13\.m2\repository\commons-io\commons-io\2.16.1\commons-io-2.16.1.jar;C:\Users\ung-Z13\.m2\repository\io\quarkus\quarkus-junit5-properties\3.15.1\quarkus-junit5-properties-3.15.1.jar;C:\Users\ung-Z13\.m2\repository\org\junit\jupiter\junit-jupiter\5.10.3\junit-jupiter-5.10.3.jar;C:\Users\ung-Z13\.m2\repository\org\junit\jupiter\junit-jupiter-api\5.10.3\junit-jupiter-api-5.10.3.jar;C:\Users\ung-Z13\.m2\repository\org\opentest4j\opentest4j\1.3.0\opentest4j-1.3.0.jar;C:\Users\ung-Z13\.m2\repository\org\junit\platform\junit-platform-commons\1.10.3\junit-platform-commons-1.10.3.jar;C:\Users\ung-Z13\.m2\repository\org\apiguardian\apiguardian-api\1.1.2\apiguardian-api-1.1.2.jar;C:\Users\ung-Z13\.m2\repository\org\junit\jupiter\junit-jupiter-params\5.10.3\junit-jupiter-params-5.10.3.jar;C:\Users\ung-Z13\.m2\repository\org\junit\jupiter\junit-jupiter-engine\5.10.3\junit-jupiter-engine-5.10.3.jar;C:\Users\ung-Z13\.m2\repository\org\junit\platform\junit-platform-engine\1.10.3\junit-platform-engine-1.10.3.jar;C:\Users\ung-Z13\.m2\repository\org\jboss\marshalling\jboss-marshalling\2.2.1.Final\jboss-marshalling-2.2.1.Final.jar;C:\Users\ung-Z13\.m2\repository\io\rest-assured\rest-assured\5.5.0\rest-assured-5.5.0.jar;C:\Users\ung-Z13\.m2\repository\org\apache\groovy\groovy\4.0.22\groovy-4.0.22.jar;C:\Users\ung-Z13\.m2\repository\org\apache\groovy\groovy-xml\4.0.22\groovy-xml-4.0.22.jar;C:\Users\ung-Z13\.m2\repository\org\apache\httpcomponents\httpclient\4.5.14\httpclient-4.5.14.jar;C:\Users\ung-Z13\.m2\repository\org\apache\httpcomponents\httpcore\4.4.16\httpcore-4.4.16.jar;C:\Users\ung-Z13\.m2\repository\commons-codec\commons-codec\1.17.1\commons-codec-1.17.1.jar;C:\Users\ung-Z13\.m2\repository\org\apache\httpcomponents\httpmime\4.5.14\httpmime-4.5.14.jar;C:\Users\ung-Z13\.m2\repository\org\hamcrest\hamcrest\2.2\hamcrest-2.2.jar;C:\Users\ung-Z13\.m2\repository\org\ccil\cowan\tagsoup\tagsoup\1.2.1\tagsoup-1.2.1.jar;C:\Users\ung-Z13\.m2\repository\io\rest-assured\json-path\5.5.0\json-path-5.5.0.jar;C:\Users\ung-Z13\.m2\repository\org\apache\groovy\groovy-json\4.0.22\groovy-json-4.0.22.jar;C:\Users\ung-Z13\.m2\repository\io\rest-assured\rest-assured-common\5.5.0\rest-assured-common-5.5.0.jar;C:\Users\ung-Z13\.m2\repository\io\rest-assured\xml-path\5.5.0\xml-path-5.5.0.jar;C:\Users\ung-Z13\.m2\repository\org\apache\commons\commons-lang3\3.14.0\commons-lang3-3.14.0.jar;C:\Users\ung-Z13\.m2\repository\jakarta\platform\jakarta.jakartaee-api\10.0.0\jakarta.jakartaee-api-10.0.0.jar;C:\Users\ung-Z13\.m2\repository\jakarta\platform\jakarta.jakartaee-web-api\10.0.0\jakarta.jakartaee-web-api-10.0.0.jar;C:\Users\ung-Z13\.m2\repository\jakarta\servlet\jakarta.servlet-api\6.0.0\jakarta.servlet-api-6.0.0.jar;C:\Users\ung-Z13\.m2\repository\jakarta\servlet\jsp\jakarta.servlet.jsp-api\3.1.0\jakarta.servlet.jsp-api-3.1.0.jar;C:\Users\ung-Z13\.m2\repository\jakarta\el\jakarta.el-api\5.0.1\jakarta.el-api-5.0.1.jar;C:\Users\ung-Z13\.m2\repository\jakarta\servlet\jsp\jstl\jakarta.servlet.jsp.jstl-api\3.0.0\jakarta.servlet.jsp.jstl-api-3.0.0.jar;C:\Users\ung-Z13\.m2\repository\jakarta\faces\jakarta.faces-api\4.0.1\jakarta.faces-api-4.0.1.jar;C:\Users\ung-Z13\.m2\repository\jakarta\websocket\jakarta.websocket-api\2.1.1\jakarta.websocket-api-2.1.1.jar;C:\Users\ung-Z13\.m2\repository\jakarta\websocket\jakarta.websocket-client-api\2.1.0\jakarta.websocket-client-api-2.1.0.jar;C:\Users\ung-Z13\.m2\repository\jakarta\json\jakarta.json-api\2.1.3\jakarta.json-api-2.1.3.jar;C:\Users\ung-Z13\.m2\repository\jakarta\json\bind\jakarta.json.bind-api\3.0.1\jakarta.json.bind-api-3.0.1.jar;C:\Users\ung-Z13\.m2\repository\jakarta\ejb\jakarta.ejb-api\4.0.1\jakarta.ejb-api-4.0.1.jar;C:\Users\ung-Z13\.m2\repository\jakarta\validation\jakarta.validation-api\3.0.2\jakarta.validation-api-3.0.2.jar;C:\Users\ung-Z13\.m2\repository\jakarta\interceptor\jakarta.interceptor-api\2.2.0\jakarta.interceptor-api-2.2.0.jar;C:\Users\ung-Z13\.m2\repository\jakarta\enterprise\jakarta.enterprise.lang-model\4.0.1\jakarta.enterprise.lang-model-4.0.1.jar;C:\Users\ung-Z13\.m2\repository\jakarta\authentication\jakarta.authentication-api\3.0.0\jakarta.authentication-api-3.0.0.jar;C:\Users\ung-Z13\.m2\repository\jakarta\security\enterprise\jakarta.security.enterprise-api\3.0.0\jakarta.security.enterprise-api-3.0.0.jar;C:\Users\ung-Z13\.m2\repository\jakarta\jms\jakarta.jms-api\3.1.0\jakarta.jms-api-3.1.0.jar;C:\Users\ung-Z13\.m2\repository\jakarta\activation\jakarta.activation-api\2.1.3\jakarta.activation-api-2.1.3.jar;C:\Users\ung-Z13\.m2\repository\jakarta\mail\jakarta.mail-api\2.1.0\jakarta.mail-api-2.1.0.jar;C:\Users\ung-Z13\.m2\repository\jakarta\resource\jakarta.resource-api\2.1.0\jakarta.resource-api-2.1.0.jar;C:\Users\ung-Z13\.m2\repository\jakarta\authorization\jakarta.authorization-api\2.1.0\jakarta.authorization-api-2.1.0.jar;C:\Users\ung-Z13\.m2\repository\jakarta\batch\jakarta.batch-api\2.1.1\jakarta.batch-api-2.1.1.jar;C:\Users\ung-Z13\.m2\repository\org\hibernate\orm\hibernate-core\6.6.0.Final\hibernate-core-6.6.0.Final.jar;C:\Users\ung-Z13\.m2\repository\jakarta\persistence\jakarta.persistence-api\3.1.0\jakarta.persistence-api-3.1.0.jar;C:\Users\ung-Z13\.m2\repository\jakarta\transaction\jakarta.transaction-api\2.0.1\jakarta.transaction-api-2.0.1.jar;C:\Users\ung-Z13\.m2\repository\org\jboss\logging\jboss-logging\3.6.0.Final\jboss-logging-3.6.0.Final.jar;C:\Users\ung-Z13\.m2\repository\org\hibernate\common\hibernate-commons-annotations\7.0.1.Final\hibernate-commons-annotations-7.0.1.Final.jar;C:\Users\ung-Z13\.m2\repository\com\fasterxml\classmate\1.7.0\classmate-1.7.0.jar;C:\Users\ung-Z13\.m2\repository\net\bytebuddy\byte-buddy\1.14.18\byte-buddy-1.14.18.jar;C:\Users\ung-Z13\.m2\repository\jakarta\xml\bind\jakarta.xml.bind-api\4.0.2\jakarta.xml.bind-api-4.0.2.jar;C:\Users\ung-Z13\.m2\repository\org\glassfish\jaxb\jaxb-runtime\4.0.5\jaxb-runtime-4.0.5.jar;C:\Users\ung-Z13\.m2\repository\org\glassfish\jaxb\jaxb-core\4.0.5\jaxb-core-4.0.5.jar;C:\Users\ung-Z13\.m2\repository\org\eclipse\angus\angus-activation\2.0.2\angus-activation-2.0.2.jar;C:\Users\ung-Z13\.m2\repository\org\glassfish\jaxb\txw2\4.0.5\txw2-4.0.5.jar;C:\Users\ung-Z13\.m2\repository\com\sun\istack\istack-commons-runtime\4.1.2\istack-commons-runtime-4.1.2.jar;C:\Users\ung-Z13\.m2\repository\jakarta\inject\jakarta.inject-api\2.0.1\jakarta.inject-api-2.0.1.jar;C:\Users\ung-Z13\.m2\repository\org\antlr\antlr4-runtime\4.13.0\antlr4-runtime-4.13.0.jar;C:\Users\ung-Z13\.m2\repository\com\fasterxml\jackson\datatype\jackson-datatype-jsr310\2.17.2\jackson-datatype-jsr310-2.17.2.jar;C:\Users\ung-Z13\.m2\repository\com\fasterxml\jackson\core\jackson-annotations\2.17.2\jackson-annotations-2.17.2.jar;C:\Users\ung-Z13\.m2\repository\org\eclipse\microprofile\openapi\microprofile-openapi-api\3.1.1\microprofile-openapi-api-3.1.1.jar;C:\Users\ung-Z13\.m2\repository\org\bouncycastle\bcprov-jdk18on\1.78.1\bcprov-jdk18on-1.78.1.jar;C:\Users\ung-Z13\.m2\repository\org\wildfly\security\wildfly-elytron\2.5.2.Final\wildfly-elytron-2.5.2.Final.jar;C:\Users\ung-Z13\.m2\repository\org\wildfly\security\wildfly-elytron-asn1\2.5.2.Final\wildfly-elytron-asn1-2.5.2.Final.jar;C:\Users\ung-Z13\.m2\repository\org\wildfly\security\wildfly-elytron-audit\2.5.2.Final\wildfly-elytron-audit-2.5.2.Final.jar;C:\Users\ung-Z13\.m2\repository\org\wildfly\security\wildfly-elytron-auth\2.5.2.Final\wildfly-elytron-auth-2.5.2.Final.jar;C:\Users\ung-Z13\.m2\repository\org\wildfly\security\wildfly-elytron-auth-server\2.5.2.Final\wildfly-elytron-auth-server-2.5.2.Final.jar;C:\Users\ung-Z13\.m2\repository\org\wildfly\security\wildfly-elytron-auth-server-deprecated\2.5.2.Final\wildfly-elytron-auth-server-deprecated-2.5.2.Final.jar;C:\Users\ung-Z13\.m2\repository\org\wildfly\security\wildfly-elytron-auth-server-http\2.5.2.Final\wildfly-elytron-auth-server-http-2.5.2.Final.jar;C:\Users\ung-Z13\.m2\repository\org\wildfly\security\wildfly-elytron-auth-server-sasl\2.5.2.Final\wildfly-elytron-auth-server-sasl-2.5.2.Final.jar;C:\Users\ung-Z13\.m2\repository\org\wildfly\security\wildfly-elytron-auth-util\2.5.2.Final\wildfly-elytron-auth-util-2.5.2.Final.jar;C:\Users\ung-Z13\.m2\repository\org\apache\sshd\sshd-common\2.12.1\sshd-common-2.12.1.jar;C:\Users\ung-Z13\.m2\repository\org\slf4j\jcl-over-slf4j\1.7.32\jcl-over-slf4j-1.7.32.jar;C:\Users\ung-Z13\.m2\repository\org\wildfly\security\wildfly-elytron-base\2.5.2.Final\wildfly-elytron-base-2.5.2.Final.jar;C:\Users\ung-Z13\.m2\repository\org\wildfly\security\wildfly-elytron-client\2.5.2.Final\wildfly-elytron-client-2.5.2.Final.jar;C:\Users\ung-Z13\.m2\repository\org\wildfly\security\wildfly-elytron-credential-source-impl\2.5.2.Final\wildfly-elytron-credential-source-impl-2.5.2.Final.jar;C:\Users\ung-Z13\.m2\repository\org\wildfly\security\wildfly-elytron-provider-util\2.5.2.Final\wildfly-elytron-provider-util-2.5.2.Final.jar;C:\Users\ung-Z13\.m2\repository\org\wildfly\security\wildfly-elytron-credential\2.5.2.Final\wildfly-elytron-credential-2.5.2.Final.jar;C:\Users\ung-Z13\.m2\repository\org\wildfly\security\wildfly-elytron-credential-source-deprecated\2.5.2.Final\wildfly-elytron-credential-source-deprecated-2.5.2.Final.jar;C:\Users\ung-Z13\.m2\repository\org\wildfly\security\wildfly-elytron-credential-store\2.5.2.Final\wildfly-elytron-credential-store-2.5.2.Final.jar;C:\Users\ung-Z13\.m2\repository\org\wildfly\security\wildfly-elytron-digest\2.5.2.Final\wildfly-elytron-digest-2.5.2.Final.jar;C:\Users\ung-Z13\.m2\repository\org\wildfly\security\wildfly-elytron-dynamic-ssl\2.5.2.Final\wildfly-elytron-dynamic-ssl-2.5.2.Final.jar;C:\Users\ung-Z13\.m2\repository\org\wildfly\security\wildfly-elytron-encryption\2.5.2.Final\wildfly-elytron-encryption-2.5.2.Final.jar;C:\Users\ung-Z13\.m2\repository\org\wildfly\security\wildfly-elytron-http\2.5.2.Final\wildfly-elytron-http-2.5.2.Final.jar;C:\Users\ung-Z13\.m2\repository\org\wildfly\security\wildfly-elytron-http-basic\2.5.2.Final\wildfly-elytron-http-basic-2.5.2.Final.jar;C:\Users\ung-Z13\.m2\repository\org\wildfly\security\wildfly-elytron-http-bearer\2.5.2.Final\wildfly-elytron-http-bearer-2.5.2.Final.jar;C:\Users\ung-Z13\.m2\repository\org\wildfly\security\wildfly-elytron-http-cert\2.5.2.Final\wildfly-elytron-http-cert-2.5.2.Final.jar;C:\Users\ung-Z13\.m2\repository\org\wildfly\security\wildfly-elytron-http-deprecated\2.5.2.Final\wildfly-elytron-http-deprecated-2.5.2.Final.jar;C:\Users\ung-Z13\.m2\repository\org\wildfly\security\wildfly-elytron-http-digest\2.5.2.Final\wildfly-elytron-http-digest-2.5.2.Final.jar;C:\Users\ung-Z13\.m2\repository\org\wildfly\security\wildfly-elytron-http-external\2.5.2.Final\wildfly-elytron-http-external-2.5.2.Final.jar;C:\Users\ung-Z13\.m2\repository\org\wildfly\security\wildfly-elytron-http-form\2.5.2.Final\wildfly-elytron-http-form-2.5.2.Final.jar;C:\Users\ung-Z13\.m2\repository\org\wildfly\security\wildfly-elytron-http-oidc\2.5.2.Final\wildfly-elytron-http-oidc-2.5.2.Final.jar;C:\Users\ung-Z13\.m2\repository\org\bitbucket\b_c\jose4j\0.9.6\jose4j-0.9.6.jar;C:\Users\ung-Z13\.m2\repository\org\wildfly\security\wildfly-elytron-http-spnego\2.5.2.Final\wildfly-elytron-http-spnego-2.5.2.Final.jar;C:\Users\ung-Z13\.m2\repository\org\wildfly\security\wildfly-elytron-http-sso\2.5.2.Final\wildfly-elytron-http-sso-2.5.2.Final.jar;C:\Users\ung-Z13\.m2\repository\org\wildfly\security\wildfly-elytron-http-util\2.5.2.Final\wildfly-elytron-http-util-2.5.2.Final.jar;C:\Users\ung-Z13\.m2\repository\org\wildfly\security\wildfly-elytron-json-util\2.5.2.Final\wildfly-elytron-json-util-2.5.2.Final.jar;C:\Users\ung-Z13\.m2\repository\org\wildfly\security\wildfly-elytron-jose-jwk\2.5.2.Final\wildfly-elytron-jose-jwk-2.5.2.Final.jar;C:\Users\ung-Z13\.m2\repository\org\wildfly\security\wildfly-elytron-jose-util\2.5.2.Final\wildfly-elytron-jose-util-2.5.2.Final.jar;C:\Users\ung-Z13\.m2\repository\org\wildfly\security\wildfly-elytron-keystore\2.5.2.Final\wildfly-elytron-keystore-2.5.2.Final.jar;C:\Users\ung-Z13\.m2\repository\org\wildfly\security\wildfly-elytron-mechanism\2.5.2.Final\wildfly-elytron-mechanism-2.5.2.Final.jar;C:\Users\ung-Z13\.m2\repository\org\wildfly\security\wildfly-elytron-mechanism-digest\2.5.2.Final\wildfly-elytron-mechanism-digest-2.5.2.Final.jar;C:\Users\ung-Z13\.m2\repository\org\wildfly\security\wildfly-elytron-mechanism-gssapi\2.5.2.Final\wildfly-elytron-mechanism-gssapi-2.5.2.Final.jar;C:\Users\ung-Z13\.m2\repository\org\wildfly\security\wildfly-elytron-mechanism-http\2.5.2.Final\wildfly-elytron-mechanism-http-2.5.2.Final.jar;C:\Users\ung-Z13\.m2\repository\org\wildfly\security\wildfly-elytron-mechanism-oauth2\2.5.2.Final\wildfly-elytron-mechanism-oauth2-2.5.2.Final.jar;C:\Users\ung-Z13\.m2\repository\org\wildfly\security\wildfly-elytron-mechanism-scram\2.5.2.Final\wildfly-elytron-mechanism-scram-2.5.2.Final.jar;C:\Users\ung-Z13\.m2\repository\org\wildfly\security\wildfly-elytron-password-impl\2.5.2.Final\wildfly-elytron-password-impl-2.5.2.Final.jar;C:\Users\ung-Z13\.m2\repository\org\wildfly\security\wildfly-elytron-permission\2.5.2.Final\wildfly-elytron-permission-2.5.2.Final.jar;C:\Users\ung-Z13\.m2\repository\org\wildfly\security\wildfly-elytron-realm\2.5.2.Final\wildfly-elytron-realm-2.5.2.Final.jar;C:\Users\ung-Z13\.m2\repository\org\wildfly\security\wildfly-elytron-realm-jdbc\2.5.2.Final\wildfly-elytron-realm-jdbc-2.5.2.Final.jar;C:\Users\ung-Z13\.m2\repository\org\wildfly\security\wildfly-elytron-realm-ldap\2.5.2.Final\wildfly-elytron-realm-ldap-2.5.2.Final.jar;C:\Users\ung-Z13\.m2\repository\org\wildfly\security\wildfly-elytron-realm-token\2.5.2.Final\wildfly-elytron-realm-token-2.5.2.Final.jar;C:\Users\ung-Z13\.m2\repository\org\wildfly\security\wildfly-elytron-sasl\2.5.2.Final\wildfly-elytron-sasl-2.5.2.Final.jar;C:\Users\ung-Z13\.m2\repository\org\wildfly\security\wildfly-elytron-sasl-anonymous\2.5.2.Final\wildfly-elytron-sasl-anonymous-2.5.2.Final.jar;C:\Users\ung-Z13\.m2\repository\org\wildfly\security\wildfly-elytron-sasl-auth-util\2.5.2.Final\wildfly-elytron-sasl-auth-util-2.5.2.Final.jar;C:\Users\ung-Z13\.m2\repository\org\wildfly\security\wildfly-elytron-sasl-deprecated\2.5.2.Final\wildfly-elytron-sasl-deprecated-2.5.2.Final.jar;C:\Users\ung-Z13\.m2\repository\org\wildfly\security\wildfly-elytron-sasl-digest\2.5.2.Final\wildfly-elytron-sasl-digest-2.5.2.Final.jar;C:\Users\ung-Z13\.m2\repository\org\wildfly\security\wildfly-elytron-sasl-entity\2.5.2.Final\wildfly-elytron-sasl-entity-2.5.2.Final.jar;C:\Users\ung-Z13\.m2\repository\org\wildfly\security\wildfly-elytron-sasl-external\2.5.2.Final\wildfly-elytron-sasl-external-2.5.2.Final.jar;C:\Users\ung-Z13\.m2\repository\org\wildfly\security\wildfly-elytron-sasl-gs2\2.5.2.Final\wildfly-elytron-sasl-gs2-2.5.2.Final.jar;C:\Users\ung-Z13\.m2\repository\org\wildfly\security\wildfly-elytron-sasl-gssapi\2.5.2.Final\wildfly-elytron-sasl-gssapi-2.5.2.Final.jar;C:\Users\ung-Z13\.m2\repository\org\wildfly\security\wildfly-elytron-sasl-localuser\2.5.2.Final\wildfly-elytron-sasl-localuser-2.5.2.Final.jar;C:\Users\ung-Z13\.m2\repository\org\wildfly\security\wildfly-elytron-sasl-oauth2\2.5.2.Final\wildfly-elytron-sasl-oauth2-2.5.2.Final.jar;C:\Users\ung-Z13\.m2\repository\org\wildfly\security\wildfly-elytron-sasl-otp\2.5.2.Final\wildfly-elytron-sasl-otp-2.5.2.Final.jar;C:\Users\ung-Z13\.m2\repository\org\wildfly\security\wildfly-elytron-sasl-plain\2.5.2.Final\wildfly-elytron-sasl-plain-2.5.2.Final.jar;C:\Users\ung-Z13\.m2\repository\org\wildfly\security\wildfly-elytron-sasl-scram\2.5.2.Final\wildfly-elytron-sasl-scram-2.5.2.Final.jar;C:\Users\ung-Z13\.m2\repository\org\wildfly\security\wildfly-elytron-security-manager\2.5.2.Final\wildfly-elytron-security-manager-2.5.2.Final.jar;C:\Users\ung-Z13\.m2\repository\org\wildfly\security\wildfly-elytron-security-manager-action\2.5.2.Final\wildfly-elytron-security-manager-action-2.5.2.Final.jar;C:\Users\ung-Z13\.m2\repository\org\wildfly\security\wildfly-elytron-ssl\2.5.2.Final\wildfly-elytron-ssl-2.5.2.Final.jar;C:\Users\ung-Z13\.m2\repository\org\wildfly\security\wildfly-elytron-ssh-util\2.5.2.Final\wildfly-elytron-ssh-util-2.5.2.Final.jar;C:\Users\ung-Z13\.m2\repository\org\wildfly\security\wildfly-elytron-util\2.5.2.Final\wildfly-elytron-util-2.5.2.Final.jar;C:\Users\ung-Z13\.m2\repository\org\wildfly\security\wildfly-elytron-x500\2.5.2.Final\wildfly-elytron-x500-2.5.2.Final.jar;C:\Users\ung-Z13\.m2\repository\org\wildfly\security\wildfly-elytron-x500-cert\2.5.2.Final\wildfly-elytron-x500-cert-2.5.2.Final.jar;C:\Users\ung-Z13\.m2\repository\org\wildfly\security\wildfly-elytron-x500-cert-acme\2.5.2.Final\wildfly-elytron-x500-cert-acme-2.5.2.Final.jar;C:\Users\ung-Z13\.m2\repository\org\wildfly\security\wildfly-elytron-x500-cert-util\2.5.2.Final\wildfly-elytron-x500-cert-util-2.5.2.Final.jar;C:\Users\ung-Z13\.m2\repository\org\wildfly\security\wildfly-elytron-x500-deprecated\2.5.2.Final\wildfly-elytron-x500-deprecated-2.5.2.Final.jar;C:\Users\ung-Z13\.m2\repository\org\wildfly\security\wildfly-elytron-x500-principal\2.5.2.Final\wildfly-elytron-x500-principal-2.5.2.Final.jar;C:\Users\ung-Z13\.m2\repository\org\wildfly\common\wildfly-common\1.7.0.Final\wildfly-common-1.7.0.Final.jar;C:\Users\ung-Z13\.m2\repository\com\tietoevry\quarkus\quarkus-resteasy-problem\3.1.0\quarkus-resteasy-problem-3.1.0.jar;C:\Users\ung-Z13\.m2\repository\com\google\code\findbugs\jsr305\3.0.2\jsr305-3.0.2.jar;"/>
    <property name="java.vm.vendor" value="JetBrains s.r.o."/>
    <property name="sun.arch.data.model" value="64"/>
    <property name="user.variant" value=""/>
    <property name="java.vendor.url" value="https://openjdk.java.net/"/>
    <property name="user.timezone" value="Asia/Seoul"/>
    <property name="user.country.format" value="US"/>
    <property name="os.name" value="Windows 11"/>
    <property name="java.vm.specification.version" value="17"/>
    <property name="sun.java.launcher" value="SUN_STANDARD"/>
    <property name="user.country" value="KR"/>
    <property name="groovy.use.classvalue" value="false"/>
    <property name="sun.boot.library.path" value="C:\Users\ung-Z13\.jdks\jbr-17.0.11\bin"/>
    <property name="sun.java.command" value="C:\Users\ung-Z13\AppData\Local\Temp\surefire16048650668688403891\surefirebooter-20241001134503657_3.jar C:\Users\ung-Z13\AppData\Local\Temp\surefire16048650668688403891 2024-10-01T13-45-03_592-jvmRun1 surefire-20241001134503657_1tmp surefire_0-20241001134503657_2tmp"/>
    <property name="jdk.debug" value="release"/>
    <property name="maven.home" value="C:\Users\ung-Z13\.m2\wrapper\dists\apache-maven-3.9.8-bin\4fnp1ql35bgk2a0p7m31ovbgb0\apache-maven-3.9.8"/>
    <property name="surefire.test.class.path" value="D:\Ung-ProJect\social-microservice\account-server\target\test-classes;D:\Ung-ProJect\social-microservice\account-server\target\classes;C:\Users\ung-Z13\.m2\repository\org\bouncycastle\bcpkix-jdk18on\1.76\bcpkix-jdk18on-1.76.jar;C:\Users\ung-Z13\.m2\repository\org\bouncycastle\bcutil-jdk18on\1.78.1\bcutil-jdk18on-1.78.1.jar;C:\Users\ung-Z13\.m2\repository\com\fasterxml\jackson\datatype\jackson-datatype-eclipse-collections\2.15.1\jackson-datatype-eclipse-collections-2.15.1.jar;C:\Users\ung-Z13\.m2\repository\org\eclipse\collections\eclipse-collections\11.0.0\eclipse-collections-11.0.0.jar;C:\Users\ung-Z13\.m2\repository\org\eclipse\collections\eclipse-collections-api\11.0.0\eclipse-collections-api-11.0.0.jar;C:\Users\ung-Z13\.m2\repository\com\fasterxml\jackson\core\jackson-core\2.17.2\jackson-core-2.17.2.jar;C:\Users\ung-Z13\.m2\repository\com\fasterxml\jackson\core\jackson-databind\2.17.2\jackson-databind-2.17.2.jar;C:\Users\ung-Z13\.m2\repository\io\quarkus\quarkus-arc\3.15.1\quarkus-arc-3.15.1.jar;C:\Users\ung-Z13\.m2\repository\io\quarkus\arc\arc\3.15.1\arc-3.15.1.jar;C:\Users\ung-Z13\.m2\repository\jakarta\enterprise\jakarta.enterprise.cdi-api\4.1.0\jakarta.enterprise.cdi-api-4.1.0.jar;C:\Users\ung-Z13\.m2\repository\jakarta\annotation\jakarta.annotation-api\3.0.0\jakarta.annotation-api-3.0.0.jar;C:\Users\ung-Z13\.m2\repository\io\smallrye\reactive\mutiny\2.6.2\mutiny-2.6.2.jar;C:\Users\ung-Z13\.m2\repository\io\smallrye\common\smallrye-common-annotation\2.6.0\smallrye-common-annotation-2.6.0.jar;C:\Users\ung-Z13\.m2\repository\org\jctools\jctools-core\4.0.5\jctools-core-4.0.5.jar;C:\Users\ung-Z13\.m2\repository\io\quarkus\quarkus-core\3.15.1\quarkus-core-3.15.1.jar;C:\Users\ung-Z13\.m2\repository\io\smallrye\common\smallrye-common-os\2.6.0\smallrye-common-os-2.6.0.jar;C:\Users\ung-Z13\.m2\repository\io\quarkus\quarkus-ide-launcher\3.15.1\quarkus-ide-launcher-3.15.1.jar;C:\Users\ung-Z13\.m2\repository\io\quarkus\quarkus-development-mode-spi\3.15.1\quarkus-development-mode-spi-3.15.1.jar;C:\Users\ung-Z13\.m2\repository\io\smallrye\config\smallrye-config\3.9.1\smallrye-config-3.9.1.jar;C:\Users\ung-Z13\.m2\repository\io\smallrye\config\smallrye-config-core\3.9.1\smallrye-config-core-3.9.1.jar;C:\Users\ung-Z13\.m2\repository\org\eclipse\microprofile\config\microprofile-config-api\3.1\microprofile-config-api-3.1.jar;C:\Users\ung-Z13\.m2\repository\io\smallrye\common\smallrye-common-classloader\2.6.0\smallrye-common-classloader-2.6.0.jar;C:\Users\ung-Z13\.m2\repository\io\smallrye\config\smallrye-config-common\3.9.1\smallrye-config-common-3.9.1.jar;C:\Users\ung-Z13\.m2\repository\org\jboss\logmanager\jboss-logmanager\3.0.6.Final\jboss-logmanager-3.0.6.Final.jar;C:\Users\ung-Z13\.m2\repository\io\smallrye\common\smallrye-common-constraint\2.6.0\smallrye-common-constraint-2.6.0.jar;C:\Users\ung-Z13\.m2\repository\io\smallrye\common\smallrye-common-cpu\2.6.0\smallrye-common-cpu-2.6.0.jar;C:\Users\ung-Z13\.m2\repository\io\smallrye\common\smallrye-common-expression\2.6.0\smallrye-common-expression-2.6.0.jar;C:\Users\ung-Z13\.m2\repository\io\smallrye\common\smallrye-common-function\2.6.0\smallrye-common-function-2.6.0.jar;C:\Users\ung-Z13\.m2\repository\io\smallrye\common\smallrye-common-net\2.6.0\smallrye-common-net-2.6.0.jar;C:\Users\ung-Z13\.m2\repository\io\smallrye\common\smallrye-common-ref\2.6.0\smallrye-common-ref-2.6.0.jar;C:\Users\ung-Z13\.m2\repository\org\jboss\logging\jboss-logging-annotations\3.0.1.Final\jboss-logging-annotations-3.0.1.Final.jar;C:\Users\ung-Z13\.m2\repository\org\jboss\threads\jboss-threads\3.6.1.Final\jboss-threads-3.6.1.Final.jar;C:\Users\ung-Z13\.m2\repository\org\slf4j\slf4j-api\2.0.6\slf4j-api-2.0.6.jar;C:\Users\ung-Z13\.m2\repository\org\jboss\slf4j\slf4j-jboss-logmanager\2.0.0.Final\slf4j-jboss-logmanager-2.0.0.Final.jar;C:\Users\ung-Z13\.m2\repository\io\quarkus\quarkus-bootstrap-runner\3.15.1\quarkus-bootstrap-runner-3.15.1.jar;C:\Users\ung-Z13\.m2\repository\io\quarkus\quarkus-fs-util\0.0.10\quarkus-fs-util-0.0.10.jar;C:\Users\ung-Z13\.m2\repository\org\eclipse\microprofile\context-propagation\microprofile-context-propagation-api\1.3\microprofile-context-propagation-api-1.3.jar;C:\Users\ung-Z13\.m2\repository\io\quarkus\quarkus-rest\3.15.1\quarkus-rest-3.15.1.jar;C:\Users\ung-Z13\.m2\repository\io\quarkus\quarkus-rest-common\3.15.1\quarkus-rest-common-3.15.1.jar;C:\Users\ung-Z13\.m2\repository\io\quarkus\resteasy\reactive\resteasy-reactive-common\3.15.1\resteasy-reactive-common-3.15.1.jar;C:\Users\ung-Z13\.m2\repository\io\quarkus\resteasy\reactive\resteasy-reactive-common-types\3.15.1\resteasy-reactive-common-types-3.15.1.jar;C:\Users\ung-Z13\.m2\repository\org\reactivestreams\reactive-streams\1.0.4\reactive-streams-1.0.4.jar;C:\Users\ung-Z13\.m2\repository\io\smallrye\reactive\mutiny-zero-flow-adapters\1.1.0\mutiny-zero-flow-adapters-1.1.0.jar;C:\Users\ung-Z13\.m2\repository\io\quarkus\quarkus-mutiny\3.15.1\quarkus-mutiny-3.15.1.jar;C:\Users\ung-Z13\.m2\repository\io\quarkus\quarkus-smallrye-context-propagation\3.15.1\quarkus-smallrye-context-propagation-3.15.1.jar;C:\Users\ung-Z13\.m2\repository\io\smallrye\smallrye-context-propagation\2.1.2\smallrye-context-propagation-2.1.2.jar;C:\Users\ung-Z13\.m2\repository\io\smallrye\smallrye-context-propagation-api\2.1.2\smallrye-context-propagation-api-2.1.2.jar;C:\Users\ung-Z13\.m2\repository\io\smallrye\smallrye-context-propagation-storage\2.1.2\smallrye-context-propagation-storage-2.1.2.jar;C:\Users\ung-Z13\.m2\repository\io\smallrye\reactive\mutiny-smallrye-context-propagation\2.6.2\mutiny-smallrye-context-propagation-2.6.2.jar;C:\Users\ung-Z13\.m2\repository\io\quarkus\quarkus-vertx\3.15.1\quarkus-vertx-3.15.1.jar;C:\Users\ung-Z13\.m2\repository\io\quarkus\quarkus-netty\3.15.1\quarkus-netty-3.15.1.jar;C:\Users\ung-Z13\.m2\repository\io\netty\netty-codec\4.1.111.Final\netty-codec-4.1.111.Final.jar;C:\Users\ung-Z13\.m2\repository\com\aayushatharva\brotli4j\brotli4j\1.16.0\brotli4j-1.16.0.jar;C:\Users\ung-Z13\.m2\repository\com\aayushatharva\brotli4j\service\1.16.0\service-1.16.0.jar;C:\Users\ung-Z13\.m2\repository\com\aayushatharva\brotli4j\native-windows-x86_64\1.16.0\native-windows-x86_64-1.16.0.jar;C:\Users\ung-Z13\.m2\repository\io\netty\netty-codec-haproxy\4.1.111.Final\netty-codec-haproxy-4.1.111.Final.jar;C:\Users\ung-Z13\.m2\repository\io\quarkus\quarkus-vertx-latebound-mdc-provider\3.15.1\quarkus-vertx-latebound-mdc-provider-3.15.1.jar;C:\Users\ung-Z13\.m2\repository\io\smallrye\smallrye-fault-tolerance-vertx\6.4.0\smallrye-fault-tolerance-vertx-6.4.0.jar;C:\Users\ung-Z13\.m2\repository\io\quarkus\resteasy\reactive\resteasy-reactive-vertx\3.15.1\resteasy-reactive-vertx-3.15.1.jar;C:\Users\ung-Z13\.m2\repository\io\vertx\vertx-web\4.5.10\vertx-web-4.5.10.jar;C:\Users\ung-Z13\.m2\repository\io\vertx\vertx-web-common\4.5.10\vertx-web-common-4.5.10.jar;C:\Users\ung-Z13\.m2\repository\io\vertx\vertx-auth-common\4.5.10\vertx-auth-common-4.5.10.jar;C:\Users\ung-Z13\.m2\repository\io\vertx\vertx-bridge-common\4.5.10\vertx-bridge-common-4.5.10.jar;C:\Users\ung-Z13\.m2\repository\io\smallrye\reactive\smallrye-mutiny-vertx-core\3.15.0\smallrye-mutiny-vertx-core-3.15.0.jar;C:\Users\ung-Z13\.m2\repository\io\smallrye\reactive\smallrye-mutiny-vertx-runtime\3.15.0\smallrye-mutiny-vertx-runtime-3.15.0.jar;C:\Users\ung-Z13\.m2\repository\io\smallrye\reactive\vertx-mutiny-generator\3.15.0\vertx-mutiny-generator-3.15.0.jar;C:\Users\ung-Z13\.m2\repository\io\vertx\vertx-codegen\4.5.10\vertx-codegen-4.5.10.jar;C:\Users\ung-Z13\.m2\repository\io\quarkus\resteasy\reactive\resteasy-reactive\3.15.1\resteasy-reactive-3.15.1.jar;C:\Users\ung-Z13\.m2\repository\io\quarkus\vertx\utils\quarkus-vertx-utils\3.15.1\quarkus-vertx-utils-3.15.1.jar;C:\Users\ung-Z13\.m2\repository\jakarta\ws\rs\jakarta.ws.rs-api\3.1.0\jakarta.ws.rs-api-3.1.0.jar;C:\Users\ung-Z13\.m2\repository\org\jboss\logging\commons-logging-jboss-logging\1.0.0.Final\commons-logging-jboss-logging-1.0.0.Final.jar;C:\Users\ung-Z13\.m2\repository\io\quarkus\quarkus-vertx-http\3.15.1\quarkus-vertx-http-3.15.1.jar;C:\Users\ung-Z13\.m2\repository\io\quarkus\quarkus-security-runtime-spi\3.15.1\quarkus-security-runtime-spi-3.15.1.jar;C:\Users\ung-Z13\.m2\repository\io\quarkus\quarkus-tls-registry\3.15.1\quarkus-tls-registry-3.15.1.jar;C:\Users\ung-Z13\.m2\repository\io\quarkus\quarkus-credentials\3.15.1\quarkus-credentials-3.15.1.jar;C:\Users\ung-Z13\.m2\repository\io\smallrye\common\smallrye-common-vertx-context\2.6.0\smallrye-common-vertx-context-2.6.0.jar;C:\Users\ung-Z13\.m2\repository\io\quarkus\security\quarkus-security\2.1.0\quarkus-security-2.1.0.jar;C:\Users\ung-Z13\.m2\repository\io\smallrye\reactive\smallrye-mutiny-vertx-web\3.15.0\smallrye-mutiny-vertx-web-3.15.0.jar;C:\Users\ung-Z13\.m2\repository\io\smallrye\reactive\smallrye-mutiny-vertx-web-common\3.15.0\smallrye-mutiny-vertx-web-common-3.15.0.jar;C:\Users\ung-Z13\.m2\repository\io\smallrye\reactive\smallrye-mutiny-vertx-auth-common\3.15.0\smallrye-mutiny-vertx-auth-common-3.15.0.jar;C:\Users\ung-Z13\.m2\repository\io\smallrye\reactive\smallrye-mutiny-vertx-bridge-common\3.15.0\smallrye-mutiny-vertx-bridge-common-3.15.0.jar;C:\Users\ung-Z13\.m2\repository\io\smallrye\reactive\smallrye-mutiny-vertx-uri-template\3.15.0\smallrye-mutiny-vertx-uri-template-3.15.0.jar;C:\Users\ung-Z13\.m2\repository\io\vertx\vertx-uri-template\4.5.10\vertx-uri-template-4.5.10.jar;C:\Users\ung-Z13\.m2\repository\io\github\crac\org-crac\0.1.3\org-crac-0.1.3.jar;C:\Users\ung-Z13\.m2\repository\io\quarkus\quarkus-jsonp\3.15.1\quarkus-jsonp-3.15.1.jar;C:\Users\ung-Z13\.m2\repository\org\eclipse\parsson\parsson\1.1.7\parsson-1.1.7.jar;C:\Users\ung-Z13\.m2\repository\io\quarkus\quarkus-virtual-threads\3.15.1\quarkus-virtual-threads-3.15.1.jar;C:\Users\ung-Z13\.m2\repository\io\vertx\vertx-core\4.5.10\vertx-core-4.5.10.jar;C:\Users\ung-Z13\.m2\repository\io\netty\netty-common\4.1.111.Final\netty-common-4.1.111.Final.jar;C:\Users\ung-Z13\.m2\repository\io\netty\netty-buffer\4.1.111.Final\netty-buffer-4.1.111.Final.jar;C:\Users\ung-Z13\.m2\repository\io\netty\netty-transport\4.1.111.Final\netty-transport-4.1.111.Final.jar;C:\Users\ung-Z13\.m2\repository\io\netty\netty-handler\4.1.111.Final\netty-handler-4.1.111.Final.jar;C:\Users\ung-Z13\.m2\repository\io\netty\netty-transport-native-unix-common\4.1.111.Final\netty-transport-native-unix-common-4.1.111.Final.jar;C:\Users\ung-Z13\.m2\repository\io\netty\netty-handler-proxy\4.1.111.Final\netty-handler-proxy-4.1.111.Final.jar;C:\Users\ung-Z13\.m2\repository\io\netty\netty-codec-socks\4.1.111.Final\netty-codec-socks-4.1.111.Final.jar;C:\Users\ung-Z13\.m2\repository\io\netty\netty-codec-http\4.1.111.Final\netty-codec-http-4.1.111.Final.jar;C:\Users\ung-Z13\.m2\repository\io\netty\netty-codec-http2\4.1.111.Final\netty-codec-http2-4.1.111.Final.jar;C:\Users\ung-Z13\.m2\repository\io\netty\netty-resolver\4.1.111.Final\netty-resolver-4.1.111.Final.jar;C:\Users\ung-Z13\.m2\repository\io\netty\netty-resolver-dns\4.1.111.Final\netty-resolver-dns-4.1.111.Final.jar;C:\Users\ung-Z13\.m2\repository\io\netty\netty-codec-dns\4.1.111.Final\netty-codec-dns-4.1.111.Final.jar;C:\Users\ung-Z13\.m2\repository\io\quarkus\quarkus-junit5\3.15.1\quarkus-junit5-3.15.1.jar;C:\Users\ung-Z13\.m2\repository\io\quarkus\quarkus-bootstrap-core\3.15.1\quarkus-bootstrap-core-3.15.1.jar;C:\Users\ung-Z13\.m2\repository\io\quarkus\quarkus-classloader-commons\3.15.1\quarkus-classloader-commons-3.15.1.jar;C:\Users\ung-Z13\.m2\repository\io\quarkus\quarkus-bootstrap-app-model\3.15.1\quarkus-bootstrap-app-model-3.15.1.jar;C:\Users\ung-Z13\.m2\repository\io\smallrye\common\smallrye-common-io\2.6.0\smallrye-common-io-2.6.0.jar;C:\Users\ung-Z13\.m2\repository\org\eclipse\sisu\org.eclipse.sisu.inject\0.9.0.M3\org.eclipse.sisu.inject-0.9.0.M3.jar;C:\Users\ung-Z13\.m2\repository\io\quarkus\quarkus-test-common\3.15.1\quarkus-test-common-3.15.1.jar;C:\Users\ung-Z13\.m2\repository\io\quarkus\quarkus-core-deployment\3.15.1\quarkus-core-deployment-3.15.1.jar;C:\Users\ung-Z13\.m2\repository\org\aesh\readline\2.6\readline-2.6.jar;C:\Users\ung-Z13\.m2\repository\org\fusesource\jansi\jansi\2.4.0\jansi-2.4.0.jar;C:\Users\ung-Z13\.m2\repository\org\aesh\aesh\2.8.2\aesh-2.8.2.jar;C:\Users\ung-Z13\.m2\repository\io\quarkus\gizmo\gizmo\1.8.0\gizmo-1.8.0.jar;C:\Users\ung-Z13\.m2\repository\org\ow2\asm\asm-util\9.7\asm-util-9.7.jar;C:\Users\ung-Z13\.m2\repository\org\ow2\asm\asm-analysis\9.7\asm-analysis-9.7.jar;C:\Users\ung-Z13\.m2\repository\org\ow2\asm\asm\9.7\asm-9.7.jar;C:\Users\ung-Z13\.m2\repository\org\ow2\asm\asm-commons\9.7\asm-commons-9.7.jar;C:\Users\ung-Z13\.m2\repository\org\ow2\asm\asm-tree\9.7\asm-tree-9.7.jar;C:\Users\ung-Z13\.m2\repository\io\quarkus\quarkus-hibernate-validator-spi\3.15.1\quarkus-hibernate-validator-spi-3.15.1.jar;C:\Users\ung-Z13\.m2\repository\io\quarkus\quarkus-class-change-agent\3.15.1\quarkus-class-change-agent-3.15.1.jar;C:\Users\ung-Z13\.m2\repository\io\quarkus\quarkus-devtools-utilities\3.15.1\quarkus-devtools-utilities-3.15.1.jar;C:\Users\ung-Z13\.m2\repository\io\quarkus\quarkus-builder\3.15.1\quarkus-builder-3.15.1.jar;C:\Users\ung-Z13\.m2\repository\org\graalvm\sdk\nativeimage\23.1.2\nativeimage-23.1.2.jar;C:\Users\ung-Z13\.m2\repository\org\graalvm\sdk\word\23.1.2\word-23.1.2.jar;C:\Users\ung-Z13\.m2\repository\org\junit\platform\junit-platform-launcher\1.10.3\junit-platform-launcher-1.10.3.jar;C:\Users\ung-Z13\.m2\repository\io\quarkus\quarkus-bootstrap-maven-resolver\3.15.1\quarkus-bootstrap-maven-resolver-3.15.1.jar;C:\Users\ung-Z13\.m2\repository\io\smallrye\beanbag\smallrye-beanbag-maven\1.5.2\smallrye-beanbag-maven-1.5.2.jar;C:\Users\ung-Z13\.m2\repository\io\smallrye\beanbag\smallrye-beanbag-sisu\1.5.2\smallrye-beanbag-sisu-1.5.2.jar;C:\Users\ung-Z13\.m2\repository\io\smallrye\beanbag\smallrye-beanbag\1.5.2\smallrye-beanbag-1.5.2.jar;C:\Users\ung-Z13\.m2\repository\javax\inject\javax.inject\1\javax.inject-1.jar;C:\Users\ung-Z13\.m2\repository\org\apache\maven\maven-artifact\3.9.8\maven-artifact-3.9.8.jar;C:\Users\ung-Z13\.m2\repository\org\apache\maven\maven-builder-support\3.9.8\maven-builder-support-3.9.8.jar;C:\Users\ung-Z13\.m2\repository\org\apache\maven\maven-model\3.9.8\maven-model-3.9.8.jar;C:\Users\ung-Z13\.m2\repository\org\apache\maven\maven-model-builder\3.9.8\maven-model-builder-3.9.8.jar;C:\Users\ung-Z13\.m2\repository\org\apache\maven\maven-repository-metadata\3.9.8\maven-repository-metadata-3.9.8.jar;C:\Users\ung-Z13\.m2\repository\org\apache\maven\maven-settings\3.9.8\maven-settings-3.9.8.jar;C:\Users\ung-Z13\.m2\repository\org\apache\maven\resolver\maven-resolver-api\1.9.22\maven-resolver-api-1.9.22.jar;C:\Users\ung-Z13\.m2\repository\org\apache\maven\resolver\maven-resolver-impl\1.9.22\maven-resolver-impl-1.9.22.jar;C:\Users\ung-Z13\.m2\repository\org\apache\maven\resolver\maven-resolver-named-locks\1.9.22\maven-resolver-named-locks-1.9.22.jar;C:\Users\ung-Z13\.m2\repository\org\apache\maven\resolver\maven-resolver-spi\1.9.22\maven-resolver-spi-1.9.22.jar;C:\Users\ung-Z13\.m2\repository\org\apache\maven\resolver\maven-resolver-util\1.9.22\maven-resolver-util-1.9.22.jar;C:\Users\ung-Z13\.m2\repository\org\apache\maven\resolver\maven-resolver-transport-http\1.9.20\maven-resolver-transport-http-1.9.20.jar;C:\Users\ung-Z13\.m2\repository\org\apache\maven\wagon\wagon-provider-api\3.5.3\wagon-provider-api-3.5.3.jar;C:\Users\ung-Z13\.m2\repository\org\apache\maven\wagon\wagon-http-shared\3.5.3\wagon-http-shared-3.5.3.jar;C:\Users\ung-Z13\.m2\repository\org\codehaus\plexus\plexus-interpolation\1.26\plexus-interpolation-1.26.jar;C:\Users\ung-Z13\.m2\repository\org\codehaus\plexus\plexus-utils\3.5.1\plexus-utils-3.5.1.jar;C:\Users\ung-Z13\.m2\repository\org\codehaus\plexus\plexus-xml\4.0.1\plexus-xml-4.0.1.jar;C:\Users\ung-Z13\.m2\repository\org\apache\maven\maven-xml-impl\4.0.0-alpha-5\maven-xml-impl-4.0.0-alpha-5.jar;C:\Users\ung-Z13\.m2\repository\org\apache\maven\maven-api-xml\4.0.0-alpha-5\maven-api-xml-4.0.0-alpha-5.jar;C:\Users\ung-Z13\.m2\repository\org\apache\maven\maven-api-meta\4.0.0-alpha-5\maven-api-meta-4.0.0-alpha-5.jar;C:\Users\ung-Z13\.m2\repository\org\codehaus\plexus\plexus-cipher\2.0\plexus-cipher-2.0.jar;C:\Users\ung-Z13\.m2\repository\org\codehaus\plexus\plexus-sec-dispatcher\2.0\plexus-sec-dispatcher-2.0.jar;C:\Users\ung-Z13\.m2\repository\org\apache\maven\maven-embedder\3.9.8\maven-embedder-3.9.8.jar;C:\Users\ung-Z13\.m2\repository\org\apache\maven\maven-core\3.9.8\maven-core-3.9.8.jar;C:\Users\ung-Z13\.m2\repository\org\codehaus\plexus\plexus-component-annotations\2.1.0\plexus-component-annotations-2.1.0.jar;C:\Users\ung-Z13\.m2\repository\org\apache\maven\maven-plugin-api\3.9.8\maven-plugin-api-3.9.8.jar;C:\Users\ung-Z13\.m2\repository\org\apache\maven\shared\maven-shared-utils\3.4.2\maven-shared-utils-3.4.2.jar;C:\Users\ung-Z13\.m2\repository\com\google\inject\guice\5.1.0\guice-5.1.0.jar;C:\Users\ung-Z13\.m2\repository\aopalliance\aopalliance\1.0\aopalliance-1.0.jar;C:\Users\ung-Z13\.m2\repository\com\google\guava\guava\33.2.1-jre\guava-33.2.1-jre.jar;C:\Users\ung-Z13\.m2\repository\com\google\guava\failureaccess\1.0.1\failureaccess-1.0.1.jar;C:\Users\ung-Z13\.m2\repository\javax\annotation\javax.annotation-api\1.3.2\javax.annotation-api-1.3.2.jar;C:\Users\ung-Z13\.m2\repository\org\codehaus\plexus\plexus-classworlds\2.6.0\plexus-classworlds-2.6.0.jar;C:\Users\ung-Z13\.m2\repository\commons-cli\commons-cli\1.8.0\commons-cli-1.8.0.jar;C:\Users\ung-Z13\.m2\repository\org\eclipse\sisu\org.eclipse.sisu.plexus\0.9.0.M3\org.eclipse.sisu.plexus-0.9.0.M3.jar;C:\Users\ung-Z13\.m2\repository\org\apache\maven\maven-settings-builder\3.9.8\maven-settings-builder-3.9.8.jar;C:\Users\ung-Z13\.m2\repository\org\apache\maven\maven-resolver-provider\3.9.8\maven-resolver-provider-3.9.8.jar;C:\Users\ung-Z13\.m2\repository\org\apache\maven\resolver\maven-resolver-connector-basic\1.9.22\maven-resolver-connector-basic-1.9.22.jar;C:\Users\ung-Z13\.m2\repository\org\apache\maven\resolver\maven-resolver-transport-wagon\1.9.22\maven-resolver-transport-wagon-1.9.22.jar;C:\Users\ung-Z13\.m2\repository\org\apache\maven\wagon\wagon-http\3.5.3\wagon-http-3.5.3.jar;C:\Users\ung-Z13\.m2\repository\org\apache\maven\wagon\wagon-file\3.5.3\wagon-file-3.5.3.jar;C:\Users\ung-Z13\.m2\repository\io\quarkus\quarkus-bootstrap-gradle-resolver\3.15.1\quarkus-bootstrap-gradle-resolver-3.15.1.jar;C:\Users\ung-Z13\.m2\repository\io\smallrye\jandex\3.2.2\jandex-3.2.2.jar;C:\Users\ung-Z13\.m2\repository\commons-io\commons-io\2.16.1\commons-io-2.16.1.jar;C:\Users\ung-Z13\.m2\repository\io\quarkus\quarkus-junit5-properties\3.15.1\quarkus-junit5-properties-3.15.1.jar;C:\Users\ung-Z13\.m2\repository\org\junit\jupiter\junit-jupiter\5.10.3\junit-jupiter-5.10.3.jar;C:\Users\ung-Z13\.m2\repository\org\junit\jupiter\junit-jupiter-api\5.10.3\junit-jupiter-api-5.10.3.jar;C:\Users\ung-Z13\.m2\repository\org\opentest4j\opentest4j\1.3.0\opentest4j-1.3.0.jar;C:\Users\ung-Z13\.m2\repository\org\junit\platform\junit-platform-commons\1.10.3\junit-platform-commons-1.10.3.jar;C:\Users\ung-Z13\.m2\repository\org\apiguardian\apiguardian-api\1.1.2\apiguardian-api-1.1.2.jar;C:\Users\ung-Z13\.m2\repository\org\junit\jupiter\junit-jupiter-params\5.10.3\junit-jupiter-params-5.10.3.jar;C:\Users\ung-Z13\.m2\repository\org\junit\jupiter\junit-jupiter-engine\5.10.3\junit-jupiter-engine-5.10.3.jar;C:\Users\ung-Z13\.m2\repository\org\junit\platform\junit-platform-engine\1.10.3\junit-platform-engine-1.10.3.jar;C:\Users\ung-Z13\.m2\repository\org\jboss\marshalling\jboss-marshalling\2.2.1.Final\jboss-marshalling-2.2.1.Final.jar;C:\Users\ung-Z13\.m2\repository\io\rest-assured\rest-assured\5.5.0\rest-assured-5.5.0.jar;C:\Users\ung-Z13\.m2\repository\org\apache\groovy\groovy\4.0.22\groovy-4.0.22.jar;C:\Users\ung-Z13\.m2\repository\org\apache\groovy\groovy-xml\4.0.22\groovy-xml-4.0.22.jar;C:\Users\ung-Z13\.m2\repository\org\apache\httpcomponents\httpclient\4.5.14\httpclient-4.5.14.jar;C:\Users\ung-Z13\.m2\repository\org\apache\httpcomponents\httpcore\4.4.16\httpcore-4.4.16.jar;C:\Users\ung-Z13\.m2\repository\commons-codec\commons-codec\1.17.1\commons-codec-1.17.1.jar;C:\Users\ung-Z13\.m2\repository\org\apache\httpcomponents\httpmime\4.5.14\httpmime-4.5.14.jar;C:\Users\ung-Z13\.m2\repository\org\hamcrest\hamcrest\2.2\hamcrest-2.2.jar;C:\Users\ung-Z13\.m2\repository\org\ccil\cowan\tagsoup\tagsoup\1.2.1\tagsoup-1.2.1.jar;C:\Users\ung-Z13\.m2\repository\io\rest-assured\json-path\5.5.0\json-path-5.5.0.jar;C:\Users\ung-Z13\.m2\repository\org\apache\groovy\groovy-json\4.0.22\groovy-json-4.0.22.jar;C:\Users\ung-Z13\.m2\repository\io\rest-assured\rest-assured-common\5.5.0\rest-assured-common-5.5.0.jar;C:\Users\ung-Z13\.m2\repository\io\rest-assured\xml-path\5.5.0\xml-path-5.5.0.jar;C:\Users\ung-Z13\.m2\repository\org\apache\commons\commons-lang3\3.14.0\commons-lang3-3.14.0.jar;C:\Users\ung-Z13\.m2\repository\jakarta\platform\jakarta.jakartaee-api\10.0.0\jakarta.jakartaee-api-10.0.0.jar;C:\Users\ung-Z13\.m2\repository\jakarta\platform\jakarta.jakartaee-web-api\10.0.0\jakarta.jakartaee-web-api-10.0.0.jar;C:\Users\ung-Z13\.m2\repository\jakarta\servlet\jakarta.servlet-api\6.0.0\jakarta.servlet-api-6.0.0.jar;C:\Users\ung-Z13\.m2\repository\jakarta\servlet\jsp\jakarta.servlet.jsp-api\3.1.0\jakarta.servlet.jsp-api-3.1.0.jar;C:\Users\ung-Z13\.m2\repository\jakarta\el\jakarta.el-api\5.0.1\jakarta.el-api-5.0.1.jar;C:\Users\ung-Z13\.m2\repository\jakarta\servlet\jsp\jstl\jakarta.servlet.jsp.jstl-api\3.0.0\jakarta.servlet.jsp.jstl-api-3.0.0.jar;C:\Users\ung-Z13\.m2\repository\jakarta\faces\jakarta.faces-api\4.0.1\jakarta.faces-api-4.0.1.jar;C:\Users\ung-Z13\.m2\repository\jakarta\websocket\jakarta.websocket-api\2.1.1\jakarta.websocket-api-2.1.1.jar;C:\Users\ung-Z13\.m2\repository\jakarta\websocket\jakarta.websocket-client-api\2.1.0\jakarta.websocket-client-api-2.1.0.jar;C:\Users\ung-Z13\.m2\repository\jakarta\json\jakarta.json-api\2.1.3\jakarta.json-api-2.1.3.jar;C:\Users\ung-Z13\.m2\repository\jakarta\json\bind\jakarta.json.bind-api\3.0.1\jakarta.json.bind-api-3.0.1.jar;C:\Users\ung-Z13\.m2\repository\jakarta\ejb\jakarta.ejb-api\4.0.1\jakarta.ejb-api-4.0.1.jar;C:\Users\ung-Z13\.m2\repository\jakarta\validation\jakarta.validation-api\3.0.2\jakarta.validation-api-3.0.2.jar;C:\Users\ung-Z13\.m2\repository\jakarta\interceptor\jakarta.interceptor-api\2.2.0\jakarta.interceptor-api-2.2.0.jar;C:\Users\ung-Z13\.m2\repository\jakarta\enterprise\jakarta.enterprise.lang-model\4.0.1\jakarta.enterprise.lang-model-4.0.1.jar;C:\Users\ung-Z13\.m2\repository\jakarta\authentication\jakarta.authentication-api\3.0.0\jakarta.authentication-api-3.0.0.jar;C:\Users\ung-Z13\.m2\repository\jakarta\security\enterprise\jakarta.security.enterprise-api\3.0.0\jakarta.security.enterprise-api-3.0.0.jar;C:\Users\ung-Z13\.m2\repository\jakarta\jms\jakarta.jms-api\3.1.0\jakarta.jms-api-3.1.0.jar;C:\Users\ung-Z13\.m2\repository\jakarta\activation\jakarta.activation-api\2.1.3\jakarta.activation-api-2.1.3.jar;C:\Users\ung-Z13\.m2\repository\jakarta\mail\jakarta.mail-api\2.1.0\jakarta.mail-api-2.1.0.jar;C:\Users\ung-Z13\.m2\repository\jakarta\resource\jakarta.resource-api\2.1.0\jakarta.resource-api-2.1.0.jar;C:\Users\ung-Z13\.m2\repository\jakarta\authorization\jakarta.authorization-api\2.1.0\jakarta.authorization-api-2.1.0.jar;C:\Users\ung-Z13\.m2\repository\jakarta\batch\jakarta.batch-api\2.1.1\jakarta.batch-api-2.1.1.jar;C:\Users\ung-Z13\.m2\repository\org\hibernate\orm\hibernate-core\6.6.0.Final\hibernate-core-6.6.0.Final.jar;C:\Users\ung-Z13\.m2\repository\jakarta\persistence\jakarta.persistence-api\3.1.0\jakarta.persistence-api-3.1.0.jar;C:\Users\ung-Z13\.m2\repository\jakarta\transaction\jakarta.transaction-api\2.0.1\jakarta.transaction-api-2.0.1.jar;C:\Users\ung-Z13\.m2\repository\org\jboss\logging\jboss-logging\3.6.0.Final\jboss-logging-3.6.0.Final.jar;C:\Users\ung-Z13\.m2\repository\org\hibernate\common\hibernate-commons-annotations\7.0.1.Final\hibernate-commons-annotations-7.0.1.Final.jar;C:\Users\ung-Z13\.m2\repository\com\fasterxml\classmate\1.7.0\classmate-1.7.0.jar;C:\Users\ung-Z13\.m2\repository\net\bytebuddy\byte-buddy\1.14.18\byte-buddy-1.14.18.jar;C:\Users\ung-Z13\.m2\repository\jakarta\xml\bind\jakarta.xml.bind-api\4.0.2\jakarta.xml.bind-api-4.0.2.jar;C:\Users\ung-Z13\.m2\repository\org\glassfish\jaxb\jaxb-runtime\4.0.5\jaxb-runtime-4.0.5.jar;C:\Users\ung-Z13\.m2\repository\org\glassfish\jaxb\jaxb-core\4.0.5\jaxb-core-4.0.5.jar;C:\Users\ung-Z13\.m2\repository\org\eclipse\angus\angus-activation\2.0.2\angus-activation-2.0.2.jar;C:\Users\ung-Z13\.m2\repository\org\glassfish\jaxb\txw2\4.0.5\txw2-4.0.5.jar;C:\Users\ung-Z13\.m2\repository\com\sun\istack\istack-commons-runtime\4.1.2\istack-commons-runtime-4.1.2.jar;C:\Users\ung-Z13\.m2\repository\jakarta\inject\jakarta.inject-api\2.0.1\jakarta.inject-api-2.0.1.jar;C:\Users\ung-Z13\.m2\repository\org\antlr\antlr4-runtime\4.13.0\antlr4-runtime-4.13.0.jar;C:\Users\ung-Z13\.m2\repository\com\fasterxml\jackson\datatype\jackson-datatype-jsr310\2.17.2\jackson-datatype-jsr310-2.17.2.jar;C:\Users\ung-Z13\.m2\repository\com\fasterxml\jackson\core\jackson-annotations\2.17.2\jackson-annotations-2.17.2.jar;C:\Users\ung-Z13\.m2\repository\org\eclipse\microprofile\openapi\microprofile-openapi-api\3.1.1\microprofile-openapi-api-3.1.1.jar;C:\Users\ung-Z13\.m2\repository\org\bouncycastle\bcprov-jdk18on\1.78.1\bcprov-jdk18on-1.78.1.jar;C:\Users\ung-Z13\.m2\repository\org\wildfly\security\wildfly-elytron\2.5.2.Final\wildfly-elytron-2.5.2.Final.jar;C:\Users\ung-Z13\.m2\repository\org\wildfly\security\wildfly-elytron-asn1\2.5.2.Final\wildfly-elytron-asn1-2.5.2.Final.jar;C:\Users\ung-Z13\.m2\repository\org\wildfly\security\wildfly-elytron-audit\2.5.2.Final\wildfly-elytron-audit-2.5.2.Final.jar;C:\Users\ung-Z13\.m2\repository\org\wildfly\security\wildfly-elytron-auth\2.5.2.Final\wildfly-elytron-auth-2.5.2.Final.jar;C:\Users\ung-Z13\.m2\repository\org\wildfly\security\wildfly-elytron-auth-server\2.5.2.Final\wildfly-elytron-auth-server-2.5.2.Final.jar;C:\Users\ung-Z13\.m2\repository\org\wildfly\security\wildfly-elytron-auth-server-deprecated\2.5.2.Final\wildfly-elytron-auth-server-deprecated-2.5.2.Final.jar;C:\Users\ung-Z13\.m2\repository\org\wildfly\security\wildfly-elytron-auth-server-http\2.5.2.Final\wildfly-elytron-auth-server-http-2.5.2.Final.jar;C:\Users\ung-Z13\.m2\repository\org\wildfly\security\wildfly-elytron-auth-server-sasl\2.5.2.Final\wildfly-elytron-auth-server-sasl-2.5.2.Final.jar;C:\Users\ung-Z13\.m2\repository\org\wildfly\security\wildfly-elytron-auth-util\2.5.2.Final\wildfly-elytron-auth-util-2.5.2.Final.jar;C:\Users\ung-Z13\.m2\repository\org\apache\sshd\sshd-common\2.12.1\sshd-common-2.12.1.jar;C:\Users\ung-Z13\.m2\repository\org\slf4j\jcl-over-slf4j\1.7.32\jcl-over-slf4j-1.7.32.jar;C:\Users\ung-Z13\.m2\repository\org\wildfly\security\wildfly-elytron-base\2.5.2.Final\wildfly-elytron-base-2.5.2.Final.jar;C:\Users\ung-Z13\.m2\repository\org\wildfly\security\wildfly-elytron-client\2.5.2.Final\wildfly-elytron-client-2.5.2.Final.jar;C:\Users\ung-Z13\.m2\repository\org\wildfly\security\wildfly-elytron-credential-source-impl\2.5.2.Final\wildfly-elytron-credential-source-impl-2.5.2.Final.jar;C:\Users\ung-Z13\.m2\repository\org\wildfly\security\wildfly-elytron-provider-util\2.5.2.Final\wildfly-elytron-provider-util-2.5.2.Final.jar;C:\Users\ung-Z13\.m2\repository\org\wildfly\security\wildfly-elytron-credential\2.5.2.Final\wildfly-elytron-credential-2.5.2.Final.jar;C:\Users\ung-Z13\.m2\repository\org\wildfly\security\wildfly-elytron-credential-source-deprecated\2.5.2.Final\wildfly-elytron-credential-source-deprecated-2.5.2.Final.jar;C:\Users\ung-Z13\.m2\repository\org\wildfly\security\wildfly-elytron-credential-store\2.5.2.Final\wildfly-elytron-credential-store-2.5.2.Final.jar;C:\Users\ung-Z13\.m2\repository\org\wildfly\security\wildfly-elytron-digest\2.5.2.Final\wildfly-elytron-digest-2.5.2.Final.jar;C:\Users\ung-Z13\.m2\repository\org\wildfly\security\wildfly-elytron-dynamic-ssl\2.5.2.Final\wildfly-elytron-dynamic-ssl-2.5.2.Final.jar;C:\Users\ung-Z13\.m2\repository\org\wildfly\security\wildfly-elytron-encryption\2.5.2.Final\wildfly-elytron-encryption-2.5.2.Final.jar;C:\Users\ung-Z13\.m2\repository\org\wildfly\security\wildfly-elytron-http\2.5.2.Final\wildfly-elytron-http-2.5.2.Final.jar;C:\Users\ung-Z13\.m2\repository\org\wildfly\security\wildfly-elytron-http-basic\2.5.2.Final\wildfly-elytron-http-basic-2.5.2.Final.jar;C:\Users\ung-Z13\.m2\repository\org\wildfly\security\wildfly-elytron-http-bearer\2.5.2.Final\wildfly-elytron-http-bearer-2.5.2.Final.jar;C:\Users\ung-Z13\.m2\repository\org\wildfly\security\wildfly-elytron-http-cert\2.5.2.Final\wildfly-elytron-http-cert-2.5.2.Final.jar;C:\Users\ung-Z13\.m2\repository\org\wildfly\security\wildfly-elytron-http-deprecated\2.5.2.Final\wildfly-elytron-http-deprecated-2.5.2.Final.jar;C:\Users\ung-Z13\.m2\repository\org\wildfly\security\wildfly-elytron-http-digest\2.5.2.Final\wildfly-elytron-http-digest-2.5.2.Final.jar;C:\Users\ung-Z13\.m2\repository\org\wildfly\security\wildfly-elytron-http-external\2.5.2.Final\wildfly-elytron-http-external-2.5.2.Final.jar;C:\Users\ung-Z13\.m2\repository\org\wildfly\security\wildfly-elytron-http-form\2.5.2.Final\wildfly-elytron-http-form-2.5.2.Final.jar;C:\Users\ung-Z13\.m2\repository\org\wildfly\security\wildfly-elytron-http-oidc\2.5.2.Final\wildfly-elytron-http-oidc-2.5.2.Final.jar;C:\Users\ung-Z13\.m2\repository\org\bitbucket\b_c\jose4j\0.9.6\jose4j-0.9.6.jar;C:\Users\ung-Z13\.m2\repository\org\wildfly\security\wildfly-elytron-http-spnego\2.5.2.Final\wildfly-elytron-http-spnego-2.5.2.Final.jar;C:\Users\ung-Z13\.m2\repository\org\wildfly\security\wildfly-elytron-http-sso\2.5.2.Final\wildfly-elytron-http-sso-2.5.2.Final.jar;C:\Users\ung-Z13\.m2\repository\org\wildfly\security\wildfly-elytron-http-util\2.5.2.Final\wildfly-elytron-http-util-2.5.2.Final.jar;C:\Users\ung-Z13\.m2\repository\org\wildfly\security\wildfly-elytron-json-util\2.5.2.Final\wildfly-elytron-json-util-2.5.2.Final.jar;C:\Users\ung-Z13\.m2\repository\org\wildfly\security\wildfly-elytron-jose-jwk\2.5.2.Final\wildfly-elytron-jose-jwk-2.5.2.Final.jar;C:\Users\ung-Z13\.m2\repository\org\wildfly\security\wildfly-elytron-jose-util\2.5.2.Final\wildfly-elytron-jose-util-2.5.2.Final.jar;C:\Users\ung-Z13\.m2\repository\org\wildfly\security\wildfly-elytron-keystore\2.5.2.Final\wildfly-elytron-keystore-2.5.2.Final.jar;C:\Users\ung-Z13\.m2\repository\org\wildfly\security\wildfly-elytron-mechanism\2.5.2.Final\wildfly-elytron-mechanism-2.5.2.Final.jar;C:\Users\ung-Z13\.m2\repository\org\wildfly\security\wildfly-elytron-mechanism-digest\2.5.2.Final\wildfly-elytron-mechanism-digest-2.5.2.Final.jar;C:\Users\ung-Z13\.m2\repository\org\wildfly\security\wildfly-elytron-mechanism-gssapi\2.5.2.Final\wildfly-elytron-mechanism-gssapi-2.5.2.Final.jar;C:\Users\ung-Z13\.m2\repository\org\wildfly\security\wildfly-elytron-mechanism-http\2.5.2.Final\wildfly-elytron-mechanism-http-2.5.2.Final.jar;C:\Users\ung-Z13\.m2\repository\org\wildfly\security\wildfly-elytron-mechanism-oauth2\2.5.2.Final\wildfly-elytron-mechanism-oauth2-2.5.2.Final.jar;C:\Users\ung-Z13\.m2\repository\org\wildfly\security\wildfly-elytron-mechanism-scram\2.5.2.Final\wildfly-elytron-mechanism-scram-2.5.2.Final.jar;C:\Users\ung-Z13\.m2\repository\org\wildfly\security\wildfly-elytron-password-impl\2.5.2.Final\wildfly-elytron-password-impl-2.5.2.Final.jar;C:\Users\ung-Z13\.m2\repository\org\wildfly\security\wildfly-elytron-permission\2.5.2.Final\wildfly-elytron-permission-2.5.2.Final.jar;C:\Users\ung-Z13\.m2\repository\org\wildfly\security\wildfly-elytron-realm\2.5.2.Final\wildfly-elytron-realm-2.5.2.Final.jar;C:\Users\ung-Z13\.m2\repository\org\wildfly\security\wildfly-elytron-realm-jdbc\2.5.2.Final\wildfly-elytron-realm-jdbc-2.5.2.Final.jar;C:\Users\ung-Z13\.m2\repository\org\wildfly\security\wildfly-elytron-realm-ldap\2.5.2.Final\wildfly-elytron-realm-ldap-2.5.2.Final.jar;C:\Users\ung-Z13\.m2\repository\org\wildfly\security\wildfly-elytron-realm-token\2.5.2.Final\wildfly-elytron-realm-token-2.5.2.Final.jar;C:\Users\ung-Z13\.m2\repository\org\wildfly\security\wildfly-elytron-sasl\2.5.2.Final\wildfly-elytron-sasl-2.5.2.Final.jar;C:\Users\ung-Z13\.m2\repository\org\wildfly\security\wildfly-elytron-sasl-anonymous\2.5.2.Final\wildfly-elytron-sasl-anonymous-2.5.2.Final.jar;C:\Users\ung-Z13\.m2\repository\org\wildfly\security\wildfly-elytron-sasl-auth-util\2.5.2.Final\wildfly-elytron-sasl-auth-util-2.5.2.Final.jar;C:\Users\ung-Z13\.m2\repository\org\wildfly\security\wildfly-elytron-sasl-deprecated\2.5.2.Final\wildfly-elytron-sasl-deprecated-2.5.2.Final.jar;C:\Users\ung-Z13\.m2\repository\org\wildfly\security\wildfly-elytron-sasl-digest\2.5.2.Final\wildfly-elytron-sasl-digest-2.5.2.Final.jar;C:\Users\ung-Z13\.m2\repository\org\wildfly\security\wildfly-elytron-sasl-entity\2.5.2.Final\wildfly-elytron-sasl-entity-2.5.2.Final.jar;C:\Users\ung-Z13\.m2\repository\org\wildfly\security\wildfly-elytron-sasl-external\2.5.2.Final\wildfly-elytron-sasl-external-2.5.2.Final.jar;C:\Users\ung-Z13\.m2\repository\org\wildfly\security\wildfly-elytron-sasl-gs2\2.5.2.Final\wildfly-elytron-sasl-gs2-2.5.2.Final.jar;C:\Users\ung-Z13\.m2\repository\org\wildfly\security\wildfly-elytron-sasl-gssapi\2.5.2.Final\wildfly-elytron-sasl-gssapi-2.5.2.Final.jar;C:\Users\ung-Z13\.m2\repository\org\wildfly\security\wildfly-elytron-sasl-localuser\2.5.2.Final\wildfly-elytron-sasl-localuser-2.5.2.Final.jar;C:\Users\ung-Z13\.m2\repository\org\wildfly\security\wildfly-elytron-sasl-oauth2\2.5.2.Final\wildfly-elytron-sasl-oauth2-2.5.2.Final.jar;C:\Users\ung-Z13\.m2\repository\org\wildfly\security\wildfly-elytron-sasl-otp\2.5.2.Final\wildfly-elytron-sasl-otp-2.5.2.Final.jar;C:\Users\ung-Z13\.m2\repository\org\wildfly\security\wildfly-elytron-sasl-plain\2.5.2.Final\wildfly-elytron-sasl-plain-2.5.2.Final.jar;C:\Users\ung-Z13\.m2\repository\org\wildfly\security\wildfly-elytron-sasl-scram\2.5.2.Final\wildfly-elytron-sasl-scram-2.5.2.Final.jar;C:\Users\ung-Z13\.m2\repository\org\wildfly\security\wildfly-elytron-security-manager\2.5.2.Final\wildfly-elytron-security-manager-2.5.2.Final.jar;C:\Users\ung-Z13\.m2\repository\org\wildfly\security\wildfly-elytron-security-manager-action\2.5.2.Final\wildfly-elytron-security-manager-action-2.5.2.Final.jar;C:\Users\ung-Z13\.m2\repository\org\wildfly\security\wildfly-elytron-ssl\2.5.2.Final\wildfly-elytron-ssl-2.5.2.Final.jar;C:\Users\ung-Z13\.m2\repository\org\wildfly\security\wildfly-elytron-ssh-util\2.5.2.Final\wildfly-elytron-ssh-util-2.5.2.Final.jar;C:\Users\ung-Z13\.m2\repository\org\wildfly\security\wildfly-elytron-util\2.5.2.Final\wildfly-elytron-util-2.5.2.Final.jar;C:\Users\ung-Z13\.m2\repository\org\wildfly\security\wildfly-elytron-x500\2.5.2.Final\wildfly-elytron-x500-2.5.2.Final.jar;C:\Users\ung-Z13\.m2\repository\org\wildfly\security\wildfly-elytron-x500-cert\2.5.2.Final\wildfly-elytron-x500-cert-2.5.2.Final.jar;C:\Users\ung-Z13\.m2\repository\org\wildfly\security\wildfly-elytron-x500-cert-acme\2.5.2.Final\wildfly-elytron-x500-cert-acme-2.5.2.Final.jar;C:\Users\ung-Z13\.m2\repository\org\wildfly\security\wildfly-elytron-x500-cert-util\2.5.2.Final\wildfly-elytron-x500-cert-util-2.5.2.Final.jar;C:\Users\ung-Z13\.m2\repository\org\wildfly\security\wildfly-elytron-x500-deprecated\2.5.2.Final\wildfly-elytron-x500-deprecated-2.5.2.Final.jar;C:\Users\ung-Z13\.m2\repository\org\wildfly\security\wildfly-elytron-x500-principal\2.5.2.Final\wildfly-elytron-x500-principal-2.5.2.Final.jar;C:\Users\ung-Z13\.m2\repository\org\wildfly\common\wildfly-common\1.7.0.Final\wildfly-common-1.7.0.Final.jar;C:\Users\ung-Z13\.m2\repository\com\tietoevry\quarkus\quarkus-resteasy-problem\3.1.0\quarkus-resteasy-problem-3.1.0.jar;C:\Users\ung-Z13\.m2\repository\com\google\code\findbugs\jsr305\3.0.2\jsr305-3.0.2.jar;"/>
    <property name="sun.cpu.endian" value="little"/>
    <property name="user.home" value="C:\Users\ung-Z13"/>
    <property name="user.language" value="ko"/>
    <property name="jboss.log-version" value="false"/>
    <property name="java.specification.vendor" value="Oracle Corporation"/>
    <property name="java.version.date" value="2024-04-16"/>
    <property name="java.home" value="C:\Users\ung-Z13\.jdks\jbr-17.0.11"/>
    <property name="file.separator" value="\"/>
    <property name="basedir" value="D:\Ung-ProJect\social-microservice\account-server"/>
    <property name="java.vm.compressedOopsMode" value="Zero based"/>
    <property name="line.separator" value="&#10;"/>
    <property name="java.vm.specification.vendor" value="Oracle Corporation"/>
    <property name="java.specification.name" value="Java Platform API Specification"/>
    <property name="intellij.os.virtualization" value="none"/>
    <property name="jbr.virtualization.information" value="Hyper-V role"/>
    <property name="surefire.real.class.path" value="C:\Users\ung-Z13\AppData\Local\Temp\surefire16048650668688403891\surefirebooter-20241001134503657_3.jar"/>
    <property name="user.script" value=""/>
    <property name="sun.management.compiler" value="HotSpot 64-Bit Tiered Compilers"/>
    <property name="java.runtime.version" value="17.0.11+1-b1312.2"/>
    <property name="user.name" value="ung-Z13"/>
    <property name="path.separator" value=";"/>
    <property name="os.version" value="10.0"/>
    <property name="java.runtime.name" value="OpenJDK Runtime Environment"/>
    <property name="file.encoding" value="Cp1252"/>
    <property name="java.vm.name" value="OpenJDK 64-Bit Server VM"/>
    <property name="java.vendor.version" value="JBR-17.0.11+1-1312.2-nomod"/>
    <property name="localRepository" value="C:\Users\ung-Z13\.m2\repository"/>
    <property name="java.vendor.url.bug" value="https://bugreport.java.com/bugreport/"/>
    <property name="java.io.tmpdir" value="C:\Users\ung-Z13\AppData\Local\Temp\"/>
    <property name="quarkus.log.file.path" value="target\quarkus.log"/>
    <property name="idea.version" value="2024.2"/>
    <property name="java.version" value="17.0.11"/>
    <property name="user.dir" value="D:\Ung-ProJect\social-microservice\account-server"/>
    <property name="os.arch" value="amd64"/>
    <property name="java.vm.specification.name" value="Java Virtual Machine Specification"/>
    <property name="user.language.format" value="en"/>
    <property name="sun.os.patch.level" value=""/>
    <property name="native.encoding" value="Cp1252"/>
    <property name="java.util.logging.manager" value="org.jboss.logmanager.LogManager"/>
    <property name="java.library.path" value="C:\Users\ung-Z13\.jdks\jbr-17.0.11\bin;C:\Windows\Sun\Java\bin;C:\Windows\system32;C:\Windows;C:\Ruby32-x64\bin;C:\Windows\system32;C:\Windows;C:\Users\ung-Z13\apache-maven-3.9.8\bin;C:\Users\ung-Z13\.jdks\jbr-17.0.9\bin;C:\Windows\System32\Wbem;C:\Windows\System32\WindowsPowerShell\v1.0\;C:\Windows\System32\OpenSSH\;C:\Program Files\dotnet\;C:\Program Files\Vim\vim91;C:\Program Files\nodejs\;C:\Program Files\MATLAB\R2023b\runtime\win64;C:\Program Files\MATLAB\R2023b\bin;C:\curl-8.7.1_7-win64-mingw\bin;C:\Program Files\Git\cmd;C:\Program Files\GitHub CLI\;C:\Program Files\Microsoft SQL Server\Client SDK\ODBC\170\Tools\Binn\;C:\Program Files\Microsoft SQL Server\150\Tools\Binn\;C:\Program Files\Docker\Docker\resources\bin;C:\Users\ung-Z13\eclipse\java-2024-03\eclipse;D:\WildFly_Server_VSC\wildfly-29.0.1.Final\bin;D:\WildFly_Server_VSC\wildfly-29.0.1.Final;;C:\Users\ung-Z13\AppData\Local\Programs\Python\Python311\Scripts\;C:\Users\ung-Z13\AppData\Local\Programs\Python\Python311\;C:\Users\ung-Z13\AppData\Local\Programs\Python\Launcher\;C:\Users\ung-Z13\.jbang\bin;C:\Users\ung-Z13\.jbang\currentjdk\bin;C:\Users\ung-Z13\AppData\Local\Microsoft\WindowsApps;C:\Program Files\JetBrains\IntelliJ IDEA 2023.3.6\bin;C:\Program Files\Neovim\bin;C:\Users\ung-Z13\AppData\Roaming\npm;C:\Program Files\JetBrains\RubyMine 2024.1\bin;C:\Program Files\JetBrains\PyCharm 2024.1\bin;C:\Users\ung-Z13\AppData\Local\Programs\Microsoft VS Code\bin;C:\Users\ung-Z13\AppData\Local\Coursier\data\bin;C:\Users\ung-Z13\AppData\Local\GitHubDesktop\bin;C:\Program Files\JetBrains\IntelliJ IDEA 242.19890.14\bin;C:\Program Files\JetBrains\WebStorm 242.15523.6\bin;C:\Users\ung-Z13\AppData\Local\Microsoft\WinGet\Links;C:\Users\ung-Z13\AppData\Local\JetBrains\CLion 242.20224.66\bin;C:\Users\ung-Z13\AppData\Local\JetBrains\Toolbox\scripts;C:\Users\ung-Z13\AppData\Local\JetBrains\DataGrip 2024.2.1\bin;;C:\Program Files\JetBrains\IntelliJ IDEA 2024.2\bin;;C:\Users\ung-Z13\.jdks\jbr-17.0.9\bin;C:\Users\ung-Z13\apache-maven-3.9.8\bin;D:\WildFly_Server_VSC\wildfly-29.0.1.Final\bin;D:\WildFly_Server_VSC\wildfly-29.0.1.Final;;;."/>
    <property name="java.vm.info" value="mixed mode, sharing"/>
    <property name="java.vendor" value="JetBrains s.r.o."/>
    <property name="vertx.disableTCCL" value="true"/>
    <property name="java.vm.version" value="17.0.11+1-b1312.2"/>
    <property name="sun.io.unicode.encoding" value="UnicodeLittle"/>
    <property name="java.class.version" value="61.0"/>
  </properties>
  <testcase name="testHelloEndpoint" classname="org.account.ExampleResourceTest" time="0.007">
    <error message="java.lang.RuntimeException: io.quarkus.builder.BuildException: Build failure: Build failed due to errors&#10;	[error]: Build step io.quarkus.arc.deployment.ArcProcessor#validate threw an exception: jakarta.enterprise.inject.spi.DeploymentException: jakarta.enterprise.inject.UnsatisfiedResolutionException: Unsatisfied dependency for type org.account.service.Session and qualifiers [@Default]&#10;	- injection target: parameter &apos;session&apos; of org.account.rest.UsersResource constructor&#10;	- declared on CLASS bean [types=[java.lang.Object, org.account.rest.UsersResource], qualifiers=[@Default, @Any], target=org.account.rest.UsersResource]&#10;	at io.quarkus.arc.processor.BeanDeployment.processErrors(BeanDeployment.java:1551)&#10;	at io.quarkus.arc.processor.BeanDeployment.init(BeanDeployment.java:338)&#10;	at io.quarkus.arc.processor.BeanProcessor.initialize(BeanProcessor.java:167)&#10;	at io.quarkus.arc.deployment.ArcProcessor.validate(ArcProcessor.java:490)&#10;	at java.base/java.lang.invoke.MethodHandle.invokeWithArguments(MethodHandle.java:732)&#10;	at io.quarkus.deployment.ExtensionLoader$3.execute(ExtensionLoader.java:856)&#10;	at io.quarkus.builder.BuildContext.run(BuildContext.java:256)&#10;	at org.jboss.threads.ContextHandler$1.runWith(ContextHandler.java:18)&#10;	at org.jboss.threads.EnhancedQueueExecutor$Task.doRunWith(EnhancedQueueExecutor.java:2516)&#10;	at org.jboss.threads.EnhancedQueueExecutor$Task.run(EnhancedQueueExecutor.java:2495)&#10;	at org.jboss.threads.EnhancedQueueExecutor$ThreadBody.run(EnhancedQueueExecutor.java:1521)&#10;	at java.base/java.lang.Thread.run(Thread.java:840)&#10;	at org.jboss.threads.JBossThread.run(JBossThread.java:483)&#10;Caused by: jakarta.enterprise.inject.UnsatisfiedResolutionException: Unsatisfied dependency for type org.account.service.Session and qualifiers [@Default]&#10;	- injection target: parameter &apos;session&apos; of org.account.rest.UsersResource constructor&#10;	- declared on CLASS bean [types=[java.lang.Object, org.account.rest.UsersResource], qualifiers=[@Default, @Any], target=org.account.rest.UsersResource]&#10;	at io.quarkus.arc.processor.Beans.resolveInjectionPoint(Beans.java:545)&#10;	at io.quarkus.arc.processor.BeanInfo.init(BeanInfo.java:667)&#10;	at io.quarkus.arc.processor.BeanDeployment.init(BeanDeployment.java:323)&#10;	... 11 more&#10;" type="java.lang.RuntimeException"><![CDATA[java.lang.RuntimeException: 
java.lang.RuntimeException: io.quarkus.builder.BuildException: Build failure: Build failed due to errors
	[error]: Build step io.quarkus.arc.deployment.ArcProcessor#validate threw an exception: jakarta.enterprise.inject.spi.DeploymentException: jakarta.enterprise.inject.UnsatisfiedResolutionException: Unsatisfied dependency for type org.account.service.Session and qualifiers [@Default]
	- injection target: parameter 'session' of org.account.rest.UsersResource constructor
	- declared on CLASS bean [types=[java.lang.Object, org.account.rest.UsersResource], qualifiers=[@Default, @Any], target=org.account.rest.UsersResource]
	at io.quarkus.arc.processor.BeanDeployment.processErrors(BeanDeployment.java:1551)
	at io.quarkus.arc.processor.BeanDeployment.init(BeanDeployment.java:338)
	at io.quarkus.arc.processor.BeanProcessor.initialize(BeanProcessor.java:167)
	at io.quarkus.arc.deployment.ArcProcessor.validate(ArcProcessor.java:490)
	at java.base/java.lang.invoke.MethodHandle.invokeWithArguments(MethodHandle.java:732)
	at io.quarkus.deployment.ExtensionLoader$3.execute(ExtensionLoader.java:856)
	at io.quarkus.builder.BuildContext.run(BuildContext.java:256)
	at org.jboss.threads.ContextHandler$1.runWith(ContextHandler.java:18)
	at org.jboss.threads.EnhancedQueueExecutor$Task.doRunWith(EnhancedQueueExecutor.java:2516)
	at org.jboss.threads.EnhancedQueueExecutor$Task.run(EnhancedQueueExecutor.java:2495)
	at org.jboss.threads.EnhancedQueueExecutor$ThreadBody.run(EnhancedQueueExecutor.java:1521)
	at java.base/java.lang.Thread.run(Thread.java:840)
	at org.jboss.threads.JBossThread.run(JBossThread.java:483)
Caused by: jakarta.enterprise.inject.UnsatisfiedResolutionException: Unsatisfied dependency for type org.account.service.Session and qualifiers [@Default]
	- injection target: parameter 'session' of org.account.rest.UsersResource constructor
	- declared on CLASS bean [types=[java.lang.Object, org.account.rest.UsersResource], qualifiers=[@Default, @Any], target=org.account.rest.UsersResource]
	at io.quarkus.arc.processor.Beans.resolveInjectionPoint(Beans.java:545)
	at io.quarkus.arc.processor.BeanInfo.init(BeanInfo.java:667)
	at io.quarkus.arc.processor.BeanDeployment.init(BeanDeployment.java:323)
	... 11 more

	at io.quarkus.test.junit.QuarkusTestExtension.throwBootFailureException(QuarkusTestExtension.java:634)
	at io.quarkus.test.junit.QuarkusTestExtension.interceptTestClassConstructor(QuarkusTestExtension.java:718)
	at java.base/java.util.Optional.orElseGet(Optional.java:364)
	at java.base/java.util.ArrayList.forEach(ArrayList.java:1511)
	at java.base/java.util.ArrayList.forEach(ArrayList.java:1511)
Caused by: java.lang.RuntimeException: io.quarkus.builder.BuildException: Build failure: Build failed due to errors
	[error]: Build step io.quarkus.arc.deployment.ArcProcessor#validate threw an exception: jakarta.enterprise.inject.spi.DeploymentException: jakarta.enterprise.inject.UnsatisfiedResolutionException: Unsatisfied dependency for type org.account.service.Session and qualifiers [@Default]
	- injection target: parameter 'session' of org.account.rest.UsersResource constructor
	- declared on CLASS bean [types=[java.lang.Object, org.account.rest.UsersResource], qualifiers=[@Default, @Any], target=org.account.rest.UsersResource]
	at io.quarkus.arc.processor.BeanDeployment.processErrors(BeanDeployment.java:1551)
	at io.quarkus.arc.processor.BeanDeployment.init(BeanDeployment.java:338)
	at io.quarkus.arc.processor.BeanProcessor.initialize(BeanProcessor.java:167)
	at io.quarkus.arc.deployment.ArcProcessor.validate(ArcProcessor.java:490)
	at java.base/java.lang.invoke.MethodHandle.invokeWithArguments(MethodHandle.java:732)
	at io.quarkus.deployment.ExtensionLoader$3.execute(ExtensionLoader.java:856)
	at io.quarkus.builder.BuildContext.run(BuildContext.java:256)
	at org.jboss.threads.ContextHandler$1.runWith(ContextHandler.java:18)
	at org.jboss.threads.EnhancedQueueExecutor$Task.doRunWith(EnhancedQueueExecutor.java:2516)
	at org.jboss.threads.EnhancedQueueExecutor$Task.run(EnhancedQueueExecutor.java:2495)
	at org.jboss.threads.EnhancedQueueExecutor$ThreadBody.run(EnhancedQueueExecutor.java:1521)
	at java.base/java.lang.Thread.run(Thread.java:840)
	at org.jboss.threads.JBossThread.run(JBossThread.java:483)
Caused by: jakarta.enterprise.inject.UnsatisfiedResolutionException: Unsatisfied dependency for type org.account.service.Session and qualifiers [@Default]
	- injection target: parameter 'session' of org.account.rest.UsersResource constructor
	- declared on CLASS bean [types=[java.lang.Object, org.account.rest.UsersResource], qualifiers=[@Default, @Any], target=org.account.rest.UsersResource]
	at io.quarkus.arc.processor.Beans.resolveInjectionPoint(Beans.java:545)
	at io.quarkus.arc.processor.BeanInfo.init(BeanInfo.java:667)
	at io.quarkus.arc.processor.BeanDeployment.init(BeanDeployment.java:323)
	... 11 more

	at io.quarkus.runner.bootstrap.AugmentActionImpl.runAugment(AugmentActionImpl.java:354)
	at io.quarkus.runner.bootstrap.AugmentActionImpl.createInitialRuntimeApplication(AugmentActionImpl.java:272)
	at io.quarkus.runner.bootstrap.AugmentActionImpl.createInitialRuntimeApplication(AugmentActionImpl.java:62)
	at io.quarkus.test.junit.QuarkusTestExtension.doJavaStart(QuarkusTestExtension.java:219)
	at io.quarkus.test.junit.QuarkusTestExtension.ensureStarted(QuarkusTestExtension.java:601)
	at io.quarkus.test.junit.QuarkusTestExtension.beforeAll(QuarkusTestExtension.java:651)
	... 1 more
Caused by: io.quarkus.builder.BuildException: Build failure: Build failed due to errors
	[error]: Build step io.quarkus.arc.deployment.ArcProcessor#validate threw an exception: jakarta.enterprise.inject.spi.DeploymentException: jakarta.enterprise.inject.UnsatisfiedResolutionException: Unsatisfied dependency for type org.account.service.Session and qualifiers [@Default]
	- injection target: parameter 'session' of org.account.rest.UsersResource constructor
	- declared on CLASS bean [types=[java.lang.Object, org.account.rest.UsersResource], qualifiers=[@Default, @Any], target=org.account.rest.UsersResource]
	at io.quarkus.arc.processor.BeanDeployment.processErrors(BeanDeployment.java:1551)
	at io.quarkus.arc.processor.BeanDeployment.init(BeanDeployment.java:338)
	at io.quarkus.arc.processor.BeanProcessor.initialize(BeanProcessor.java:167)
	at io.quarkus.arc.deployment.ArcProcessor.validate(ArcProcessor.java:490)
	at java.base/java.lang.invoke.MethodHandle.invokeWithArguments(MethodHandle.java:732)
	at io.quarkus.deployment.ExtensionLoader$3.execute(ExtensionLoader.java:856)
	at io.quarkus.builder.BuildContext.run(BuildContext.java:256)
	at org.jboss.threads.ContextHandler$1.runWith(ContextHandler.java:18)
	at org.jboss.threads.EnhancedQueueExecutor$Task.doRunWith(EnhancedQueueExecutor.java:2516)
	at org.jboss.threads.EnhancedQueueExecutor$Task.run(EnhancedQueueExecutor.java:2495)
	at org.jboss.threads.EnhancedQueueExecutor$ThreadBody.run(EnhancedQueueExecutor.java:1521)
	at java.base/java.lang.Thread.run(Thread.java:840)
	at org.jboss.threads.JBossThread.run(JBossThread.java:483)
Caused by: jakarta.enterprise.inject.UnsatisfiedResolutionException: Unsatisfied dependency for type org.account.service.Session and qualifiers [@Default]
	- injection target: parameter 'session' of org.account.rest.UsersResource constructor
	- declared on CLASS bean [types=[java.lang.Object, org.account.rest.UsersResource], qualifiers=[@Default, @Any], target=org.account.rest.UsersResource]
	at io.quarkus.arc.processor.Beans.resolveInjectionPoint(Beans.java:545)
	at io.quarkus.arc.processor.BeanInfo.init(BeanInfo.java:667)
	at io.quarkus.arc.processor.BeanDeployment.init(BeanDeployment.java:323)
	... 11 more

	at io.quarkus.builder.Execution.run(Execution.java:123)
	at io.quarkus.builder.BuildExecutionBuilder.execute(BuildExecutionBuilder.java:79)
	at io.quarkus.deployment.QuarkusAugmentor.run(QuarkusAugmentor.java:161)
	at io.quarkus.runner.bootstrap.AugmentActionImpl.runAugment(AugmentActionImpl.java:350)
	... 6 more
Caused by: jakarta.enterprise.inject.spi.DeploymentException: jakarta.enterprise.inject.UnsatisfiedResolutionException: Unsatisfied dependency for type org.account.service.Session and qualifiers [@Default]
	- injection target: parameter 'session' of org.account.rest.UsersResource constructor
	- declared on CLASS bean [types=[java.lang.Object, org.account.rest.UsersResource], qualifiers=[@Default, @Any], target=org.account.rest.UsersResource]
	at io.quarkus.arc.processor.BeanDeployment.processErrors(BeanDeployment.java:1551)
	at io.quarkus.arc.processor.BeanDeployment.init(BeanDeployment.java:338)
	at io.quarkus.arc.processor.BeanProcessor.initialize(BeanProcessor.java:167)
	at io.quarkus.arc.deployment.ArcProcessor.validate(ArcProcessor.java:490)
	at java.base/java.lang.invoke.MethodHandle.invokeWithArguments(MethodHandle.java:732)
	at io.quarkus.deployment.ExtensionLoader$3.execute(ExtensionLoader.java:856)
	at io.quarkus.builder.BuildContext.run(BuildContext.java:256)
	at org.jboss.threads.ContextHandler$1.runWith(ContextHandler.java:18)
	at org.jboss.threads.EnhancedQueueExecutor$Task.doRunWith(EnhancedQueueExecutor.java:2516)
	at org.jboss.threads.EnhancedQueueExecutor$Task.run(EnhancedQueueExecutor.java:2495)
	at org.jboss.threads.EnhancedQueueExecutor$ThreadBody.run(EnhancedQueueExecutor.java:1521)
	at java.base/java.lang.Thread.run(Thread.java:840)
	at org.jboss.threads.JBossThread.run(JBossThread.java:483)
Caused by: jakarta.enterprise.inject.UnsatisfiedResolutionException: Unsatisfied dependency for type org.account.service.Session and qualifiers [@Default]
	- injection target: parameter 'session' of org.account.rest.UsersResource constructor
	- declared on CLASS bean [types=[java.lang.Object, org.account.rest.UsersResource], qualifiers=[@Default, @Any], target=org.account.rest.UsersResource]
	at io.quarkus.arc.processor.Beans.resolveInjectionPoint(Beans.java:545)
	at io.quarkus.arc.processor.BeanInfo.init(BeanInfo.java:667)
	at io.quarkus.arc.processor.BeanDeployment.init(BeanDeployment.java:323)
	... 11 more
]]></error>
    <system-out><![CDATA[2024-10-01 13:45:05,662 ERROR [resteasy-problem] (build-46) `quarkus-resteasy-problem` extension is useless without RESTeasy Json Provider. Please add `quarkus-resteasy-jackson` or `quarkus-resteasy-jsonb` (or reactive versions) to your pom.xml.
]]></system-out>
  </testcase>
</testsuite>