<?xml version="1.0" encoding="UTF-8"?>
<testsuite xmlns:xsi="http://www.w3.org/2001/XMLSchema-instance" xsi:noNamespaceSchemaLocation="https://maven.apache.org/surefire/maven-surefire-plugin/xsd/surefire-test-report.xsd" name="org.springframework.webflow.samples.booking.BookingFlowExecutionTests" time="0.075" tests="3" errors="0" skipped="0" failures="0">
  <properties>
    <property name="java.specification.version" value="21"/>
    <property name="sun.jnu.encoding" value="UTF-8"/>
    <property name="java.class.path" value="/home/ung/IdeaProjects/social-microservice/spring-web-flow/booking-faces/target/test-classes:/home/ung/IdeaProjects/social-microservice/spring-web-flow/booking-faces/target/classes:/home/ung/.m2/repository/org/springframework/spring-webmvc/6.0.10/spring-webmvc-6.0.10.jar:/home/ung/.m2/repository/org/springframework/spring-aop/6.0.10/spring-aop-6.0.10.jar:/home/ung/.m2/repository/org/springframework/spring-beans/6.0.10/spring-beans-6.0.10.jar:/home/ung/.m2/repository/org/springframework/spring-context/6.0.10/spring-context-6.0.10.jar:/home/ung/.m2/repository/org/springframework/spring-core/6.0.10/spring-core-6.0.10.jar:/home/ung/.m2/repository/org/springframework/spring-jcl/6.0.10/spring-jcl-6.0.10.jar:/home/ung/.m2/repository/org/springframework/spring-expression/6.0.10/spring-expression-6.0.10.jar:/home/ung/.m2/repository/org/springframework/spring-web/6.0.10/spring-web-6.0.10.jar:/home/ung/.m2/repository/io/micrometer/micrometer-observation/1.10.8/micrometer-observation-1.10.8.jar:/home/ung/.m2/repository/io/micrometer/micrometer-commons/1.10.8/micrometer-commons-1.10.8.jar:/home/ung/.m2/repository/org/springframework/spring-jdbc/6.0.10/spring-jdbc-6.0.10.jar:/home/ung/.m2/repository/org/springframework/spring-tx/6.0.10/spring-tx-6.0.10.jar:/home/ung/.m2/repository/org/springframework/spring-orm/6.0.10/spring-orm-6.0.10.jar:/home/ung/.m2/repository/org/springframework/webflow/spring-binding/3.0.0/spring-binding-3.0.0.jar:/home/ung/.m2/repository/org/springframework/webflow/spring-webflow/3.0.0/spring-webflow-3.0.0.jar:/home/ung/.m2/repository/org/springframework/webflow/spring-faces/3.0.0/spring-faces-3.0.0.jar:/home/ung/.m2/repository/org/springframework/security/spring-security-web/6.0.2/spring-security-web-6.0.2.jar:/home/ung/.m2/repository/org/springframework/security/spring-security-core/6.0.2/spring-security-core-6.0.2.jar:/home/ung/.m2/repository/org/springframework/security/spring-security-crypto/6.0.2/spring-security-crypto-6.0.2.jar:/home/ung/.m2/repository/org/springframework/security/spring-security-config/6.0.2/spring-security-config-6.0.2.jar:/home/ung/.m2/repository/jakarta/servlet/jakarta.servlet-api/6.0.0/jakarta.servlet-api-6.0.0.jar:/home/ung/.m2/repository/org/glassfish/jakarta.faces/4.0.2/jakarta.faces-4.0.2.jar:/home/ung/.m2/repository/jakarta/annotation/jakarta.annotation-api/2.1.0/jakarta.annotation-api-2.1.0.jar:/home/ung/.m2/repository/jakarta/enterprise/jakarta.enterprise.cdi-api/4.0.1/jakarta.enterprise.cdi-api-4.0.1.jar:/home/ung/.m2/repository/jakarta/enterprise/jakarta.enterprise.lang-model/4.0.1/jakarta.enterprise.lang-model-4.0.1.jar:/home/ung/.m2/repository/jakarta/el/jakarta.el-api/5.0.0/jakarta.el-api-5.0.0.jar:/home/ung/.m2/repository/jakarta/interceptor/jakarta.interceptor-api/2.1.0/jakarta.interceptor-api-2.1.0.jar:/home/ung/.m2/repository/jakarta/inject/jakarta.inject-api/2.0.1/jakarta.inject-api-2.0.1.jar:/home/ung/.m2/repository/org/jboss/weld/servlet/weld-servlet-shaded/5.0.0.Final/weld-servlet-shaded-5.0.0.Final.jar:/home/ung/.m2/repository/org/primefaces/primefaces/11.0.0/primefaces-11.0.0-jakarta.jar:/home/ung/.m2/repository/org/hsqldb/hsqldb/2.5.1/hsqldb-2.5.1.jar:/home/ung/.m2/repository/org/hibernate/hibernate-core-jakarta/5.6.15.Final/hibernate-core-jakarta-5.6.15.Final.jar:/home/ung/.m2/repository/org/jboss/logging/jboss-logging/3.4.3.Final/jboss-logging-3.4.3.Final.jar:/home/ung/.m2/repository/jakarta/persistence/jakarta.persistence-api/3.0.0/jakarta.persistence-api-3.0.0.jar:/home/ung/.m2/repository/net/bytebuddy/byte-buddy/1.12.18/byte-buddy-1.12.18.jar:/home/ung/.m2/repository/antlr/antlr/2.7.7/antlr-2.7.7.jar:/home/ung/.m2/repository/jakarta/transaction/jakarta.transaction-api/2.0.0/jakarta.transaction-api-2.0.0.jar:/home/ung/.m2/repository/org/jboss/jandex/2.4.2.Final/jandex-2.4.2.Final.jar:/home/ung/.m2/repository/com/fasterxml/classmate/1.5.1/classmate-1.5.1.jar:/home/ung/.m2/repository/jakarta/activation/jakarta.activation-api/2.0.1/jakarta.activation-api-2.0.1.jar:/home/ung/.m2/repository/org/dom4j/dom4j/2.1.3/dom4j-2.1.3.jar:/home/ung/.m2/repository/org/hibernate/common/hibernate-commons-annotations/5.1.2.Final/hibernate-commons-annotations-5.1.2.Final.jar:/home/ung/.m2/repository/jakarta/xml/bind/jakarta.xml.bind-api/3.0.1/jakarta.xml.bind-api-3.0.1.jar:/home/ung/.m2/repository/com/sun/activation/jakarta.activation/2.0.1/jakarta.activation-2.0.1.jar:/home/ung/.m2/repository/org/glassfish/jaxb/jaxb-runtime/3.0.0/jaxb-runtime-3.0.0.jar:/home/ung/.m2/repository/org/glassfish/jaxb/jaxb-core/3.0.0/jaxb-core-3.0.0.jar:/home/ung/.m2/repository/org/glassfish/jaxb/txw2/3.0.0/txw2-3.0.0.jar:/home/ung/.m2/repository/com/sun/istack/istack-commons-runtime/4.0.0/istack-commons-runtime-4.0.0.jar:/home/ung/.m2/repository/org/hibernate/hibernate-entitymanager/5.6.15.Final/hibernate-entitymanager-5.6.15.Final.jar:/home/ung/.m2/repository/org/hibernate/hibernate-core/5.6.15.Final/hibernate-core-5.6.15.Final.jar:/home/ung/.m2/repository/javax/activation/javax.activation-api/1.2.0/javax.activation-api-1.2.0.jar:/home/ung/.m2/repository/javax/persistence/javax.persistence-api/2.2/javax.persistence-api-2.2.jar:/home/ung/.m2/repository/org/jboss/spec/javax/transaction/jboss-transaction-api_1.2_spec/1.1.1.Final/jboss-transaction-api_1.2_spec-1.1.1.Final.jar:/home/ung/.m2/repository/org/hibernate/validator/hibernate-validator/8.0.0.Final/hibernate-validator-8.0.0.Final.jar:/home/ung/.m2/repository/jakarta/validation/jakarta.validation-api/3.0.2/jakarta.validation-api-3.0.2.jar:/home/ung/.m2/repository/javax/xml/bind/jaxb-api/2.2.3/jaxb-api-2.2.3.jar:/home/ung/.m2/repository/javax/xml/stream/stax-api/1.0-2/stax-api-1.0-2.jar:/home/ung/.m2/repository/javax/activation/activation/1.1/activation-1.1.jar:/home/ung/.m2/repository/org/apache/logging/log4j/log4j-api/2.14.0/log4j-api-2.14.0.jar:/home/ung/.m2/repository/org/apache/logging/log4j/log4j-core/2.14.0/log4j-core-2.14.0.jar:/home/ung/.m2/repository/org/apache/logging/log4j/log4j-slf4j-impl/2.14.0/log4j-slf4j-impl-2.14.0.jar:/home/ung/.m2/repository/org/slf4j/slf4j-api/2.0.6/slf4j-api-2.0.6.jar:/home/ung/.m2/repository/org/apache/logging/log4j/log4j-jul/2.14.0/log4j-jul-2.14.0.jar:/home/ung/.m2/repository/org/easymock/easymock/3.4/easymock-3.4.jar:/home/ung/.m2/repository/org/objenesis/objenesis/2.2/objenesis-2.2.jar:/home/ung/.m2/repository/junit/junit/4.13.2/junit-4.13.2.jar:/home/ung/.m2/repository/org/hamcrest/hamcrest-core/1.3/hamcrest-core-1.3.jar:/home/ung/.m2/repository/org/springframework/spring-test/6.0.10/spring-test-6.0.10.jar:"/>
    <property name="java.vm.vendor" value="Eclipse Adoptium"/>
    <property name="sun.arch.data.model" value="64"/>
    <property name="java.vendor.url" value="https://adoptium.net/"/>
    <property name="os.name" value="Linux"/>
    <property name="java.vm.specification.version" value="21"/>
    <property name="sun.java.launcher" value="SUN_STANDARD"/>
    <property name="user.country" value="US"/>
    <property name="sun.boot.library.path" value="/home/ung/.sdkman/candidates/java/21.0.1-tem/lib"/>
    <property name="sun.java.command" value="/home/ung/IdeaProjects/social-microservice/spring-web-flow/booking-faces/target/surefire/surefirebooter3544865804582017137.jar /home/ung/IdeaProjects/social-microservice/spring-web-flow/booking-faces/target/surefire 2024-10-15T22-34-17_658-jvmRun1 surefire11374738570782291874tmp surefire_19912723393453141978tmp"/>
    <property name="jdk.debug" value="release"/>
    <property name="surefire.test.class.path" value="/home/ung/IdeaProjects/social-microservice/spring-web-flow/booking-faces/target/test-classes:/home/ung/IdeaProjects/social-microservice/spring-web-flow/booking-faces/target/classes:/home/ung/.m2/repository/org/springframework/spring-webmvc/6.0.10/spring-webmvc-6.0.10.jar:/home/ung/.m2/repository/org/springframework/spring-aop/6.0.10/spring-aop-6.0.10.jar:/home/ung/.m2/repository/org/springframework/spring-beans/6.0.10/spring-beans-6.0.10.jar:/home/ung/.m2/repository/org/springframework/spring-context/6.0.10/spring-context-6.0.10.jar:/home/ung/.m2/repository/org/springframework/spring-core/6.0.10/spring-core-6.0.10.jar:/home/ung/.m2/repository/org/springframework/spring-jcl/6.0.10/spring-jcl-6.0.10.jar:/home/ung/.m2/repository/org/springframework/spring-expression/6.0.10/spring-expression-6.0.10.jar:/home/ung/.m2/repository/org/springframework/spring-web/6.0.10/spring-web-6.0.10.jar:/home/ung/.m2/repository/io/micrometer/micrometer-observation/1.10.8/micrometer-observation-1.10.8.jar:/home/ung/.m2/repository/io/micrometer/micrometer-commons/1.10.8/micrometer-commons-1.10.8.jar:/home/ung/.m2/repository/org/springframework/spring-jdbc/6.0.10/spring-jdbc-6.0.10.jar:/home/ung/.m2/repository/org/springframework/spring-tx/6.0.10/spring-tx-6.0.10.jar:/home/ung/.m2/repository/org/springframework/spring-orm/6.0.10/spring-orm-6.0.10.jar:/home/ung/.m2/repository/org/springframework/webflow/spring-binding/3.0.0/spring-binding-3.0.0.jar:/home/ung/.m2/repository/org/springframework/webflow/spring-webflow/3.0.0/spring-webflow-3.0.0.jar:/home/ung/.m2/repository/org/springframework/webflow/spring-faces/3.0.0/spring-faces-3.0.0.jar:/home/ung/.m2/repository/org/springframework/security/spring-security-web/6.0.2/spring-security-web-6.0.2.jar:/home/ung/.m2/repository/org/springframework/security/spring-security-core/6.0.2/spring-security-core-6.0.2.jar:/home/ung/.m2/repository/org/springframework/security/spring-security-crypto/6.0.2/spring-security-crypto-6.0.2.jar:/home/ung/.m2/repository/org/springframework/security/spring-security-config/6.0.2/spring-security-config-6.0.2.jar:/home/ung/.m2/repository/jakarta/servlet/jakarta.servlet-api/6.0.0/jakarta.servlet-api-6.0.0.jar:/home/ung/.m2/repository/org/glassfish/jakarta.faces/4.0.2/jakarta.faces-4.0.2.jar:/home/ung/.m2/repository/jakarta/annotation/jakarta.annotation-api/2.1.0/jakarta.annotation-api-2.1.0.jar:/home/ung/.m2/repository/jakarta/enterprise/jakarta.enterprise.cdi-api/4.0.1/jakarta.enterprise.cdi-api-4.0.1.jar:/home/ung/.m2/repository/jakarta/enterprise/jakarta.enterprise.lang-model/4.0.1/jakarta.enterprise.lang-model-4.0.1.jar:/home/ung/.m2/repository/jakarta/el/jakarta.el-api/5.0.0/jakarta.el-api-5.0.0.jar:/home/ung/.m2/repository/jakarta/interceptor/jakarta.interceptor-api/2.1.0/jakarta.interceptor-api-2.1.0.jar:/home/ung/.m2/repository/jakarta/inject/jakarta.inject-api/2.0.1/jakarta.inject-api-2.0.1.jar:/home/ung/.m2/repository/org/jboss/weld/servlet/weld-servlet-shaded/5.0.0.Final/weld-servlet-shaded-5.0.0.Final.jar:/home/ung/.m2/repository/org/primefaces/primefaces/11.0.0/primefaces-11.0.0-jakarta.jar:/home/ung/.m2/repository/org/hsqldb/hsqldb/2.5.1/hsqldb-2.5.1.jar:/home/ung/.m2/repository/org/hibernate/hibernate-core-jakarta/5.6.15.Final/hibernate-core-jakarta-5.6.15.Final.jar:/home/ung/.m2/repository/org/jboss/logging/jboss-logging/3.4.3.Final/jboss-logging-3.4.3.Final.jar:/home/ung/.m2/repository/jakarta/persistence/jakarta.persistence-api/3.0.0/jakarta.persistence-api-3.0.0.jar:/home/ung/.m2/repository/net/bytebuddy/byte-buddy/1.12.18/byte-buddy-1.12.18.jar:/home/ung/.m2/repository/antlr/antlr/2.7.7/antlr-2.7.7.jar:/home/ung/.m2/repository/jakarta/transaction/jakarta.transaction-api/2.0.0/jakarta.transaction-api-2.0.0.jar:/home/ung/.m2/repository/org/jboss/jandex/2.4.2.Final/jandex-2.4.2.Final.jar:/home/ung/.m2/repository/com/fasterxml/classmate/1.5.1/classmate-1.5.1.jar:/home/ung/.m2/repository/jakarta/activation/jakarta.activation-api/2.0.1/jakarta.activation-api-2.0.1.jar:/home/ung/.m2/repository/org/dom4j/dom4j/2.1.3/dom4j-2.1.3.jar:/home/ung/.m2/repository/org/hibernate/common/hibernate-commons-annotations/5.1.2.Final/hibernate-commons-annotations-5.1.2.Final.jar:/home/ung/.m2/repository/jakarta/xml/bind/jakarta.xml.bind-api/3.0.1/jakarta.xml.bind-api-3.0.1.jar:/home/ung/.m2/repository/com/sun/activation/jakarta.activation/2.0.1/jakarta.activation-2.0.1.jar:/home/ung/.m2/repository/org/glassfish/jaxb/jaxb-runtime/3.0.0/jaxb-runtime-3.0.0.jar:/home/ung/.m2/repository/org/glassfish/jaxb/jaxb-core/3.0.0/jaxb-core-3.0.0.jar:/home/ung/.m2/repository/org/glassfish/jaxb/txw2/3.0.0/txw2-3.0.0.jar:/home/ung/.m2/repository/com/sun/istack/istack-commons-runtime/4.0.0/istack-commons-runtime-4.0.0.jar:/home/ung/.m2/repository/org/hibernate/hibernate-entitymanager/5.6.15.Final/hibernate-entitymanager-5.6.15.Final.jar:/home/ung/.m2/repository/org/hibernate/hibernate-core/5.6.15.Final/hibernate-core-5.6.15.Final.jar:/home/ung/.m2/repository/javax/activation/javax.activation-api/1.2.0/javax.activation-api-1.2.0.jar:/home/ung/.m2/repository/javax/persistence/javax.persistence-api/2.2/javax.persistence-api-2.2.jar:/home/ung/.m2/repository/org/jboss/spec/javax/transaction/jboss-transaction-api_1.2_spec/1.1.1.Final/jboss-transaction-api_1.2_spec-1.1.1.Final.jar:/home/ung/.m2/repository/org/hibernate/validator/hibernate-validator/8.0.0.Final/hibernate-validator-8.0.0.Final.jar:/home/ung/.m2/repository/jakarta/validation/jakarta.validation-api/3.0.2/jakarta.validation-api-3.0.2.jar:/home/ung/.m2/repository/javax/xml/bind/jaxb-api/2.2.3/jaxb-api-2.2.3.jar:/home/ung/.m2/repository/javax/xml/stream/stax-api/1.0-2/stax-api-1.0-2.jar:/home/ung/.m2/repository/javax/activation/activation/1.1/activation-1.1.jar:/home/ung/.m2/repository/org/apache/logging/log4j/log4j-api/2.14.0/log4j-api-2.14.0.jar:/home/ung/.m2/repository/org/apache/logging/log4j/log4j-core/2.14.0/log4j-core-2.14.0.jar:/home/ung/.m2/repository/org/apache/logging/log4j/log4j-slf4j-impl/2.14.0/log4j-slf4j-impl-2.14.0.jar:/home/ung/.m2/repository/org/slf4j/slf4j-api/2.0.6/slf4j-api-2.0.6.jar:/home/ung/.m2/repository/org/apache/logging/log4j/log4j-jul/2.14.0/log4j-jul-2.14.0.jar:/home/ung/.m2/repository/org/easymock/easymock/3.4/easymock-3.4.jar:/home/ung/.m2/repository/org/objenesis/objenesis/2.2/objenesis-2.2.jar:/home/ung/.m2/repository/junit/junit/4.13.2/junit-4.13.2.jar:/home/ung/.m2/repository/org/hamcrest/hamcrest-core/1.3/hamcrest-core-1.3.jar:/home/ung/.m2/repository/org/springframework/spring-test/6.0.10/spring-test-6.0.10.jar:"/>
    <property name="sun.cpu.endian" value="little"/>
    <property name="user.home" value="/home/ung"/>
    <property name="user.language" value="en"/>
    <property name="java.specification.vendor" value="Oracle Corporation"/>
    <property name="java.version.date" value="2023-10-17"/>
    <property name="java.home" value="/home/ung/.sdkman/candidates/java/21.0.1-tem"/>
    <property name="file.separator" value="/"/>
    <property name="basedir" value="/home/ung/IdeaProjects/social-microservice/spring-web-flow/booking-faces"/>
    <property name="java.vm.compressedOopsMode" value="Zero based"/>
    <property name="line.separator" value="&#10;"/>
    <property name="java.specification.name" value="Java Platform API Specification"/>
    <property name="java.vm.specification.vendor" value="Oracle Corporation"/>
    <property name="surefire.real.class.path" value="/home/ung/IdeaProjects/social-microservice/spring-web-flow/booking-faces/target/surefire/surefirebooter3544865804582017137.jar"/>
    <property name="sun.management.compiler" value="HotSpot 64-Bit Tiered Compilers"/>
    <property name="java.runtime.version" value="21.0.1+12-LTS"/>
    <property name="user.name" value="ung"/>
    <property name="stdout.encoding" value="UTF-8"/>
    <property name="path.separator" value=":"/>
    <property name="os.version" value="6.8.0-45-generic"/>
    <property name="java.runtime.name" value="OpenJDK Runtime Environment"/>
    <property name="file.encoding" value="UTF-8"/>
    <property name="java.vm.name" value="OpenJDK 64-Bit Server VM"/>
    <property name="java.vendor.version" value="Temurin-21.0.1+12"/>
    <property name="localRepository" value="/home/ung/.m2/repository"/>
    <property name="java.vendor.url.bug" value="https://github.com/adoptium/adoptium-support/issues"/>
    <property name="java.io.tmpdir" value="/tmp"/>
    <property name="idea.version" value="2024.2.3"/>
    <property name="java.version" value="21.0.1"/>
    <property name="user.dir" value="/home/ung/IdeaProjects/social-microservice/spring-web-flow/booking-faces"/>
    <property name="os.arch" value="amd64"/>
    <property name="java.vm.specification.name" value="Java Virtual Machine Specification"/>
    <property name="native.encoding" value="UTF-8"/>
    <property name="java.library.path" value="/usr/java/packages/lib:/usr/lib64:/lib64:/lib:/usr/lib"/>
    <property name="java.vm.info" value="mixed mode, sharing"/>
    <property name="stderr.encoding" value="UTF-8"/>
    <property name="java.vendor" value="Eclipse Adoptium"/>
    <property name="java.vm.version" value="21.0.1+12-LTS"/>
    <property name="sun.io.unicode.encoding" value="UnicodeLittle"/>
    <property name="java.class.version" value="65.0"/>
  </properties>
  <testcase name="testStartBookingFlow" classname="org.springframework.webflow.samples.booking.BookingFlowExecutionTests" time="0.04"/>
  <testcase name="testReviewBooking_Confirm" classname="org.springframework.webflow.samples.booking.BookingFlowExecutionTests" time="0.021"/>
  <testcase name="testEnterBookingDetails_Proceed" classname="org.springframework.webflow.samples.booking.BookingFlowExecutionTests" time="0.014"/>
</testsuite>